{"meta": {"format": 3, "version": "7.13.0", "timestamp": "2025-12-29T16:30:20.631779", "branch_coverage": false, "show_contexts": false}, "files": {"src/torchonnx/__init__.py": {"executed_lines": [1, 2, 4], "summary": {"covered_lines": 3, "num_statements": 3, "percent_covered": 100.0, "percent_covered_display": "100", "missing_lines": 0, "excluded_lines": 0, "percent_statements_covered": 100.0, "percent_statements_covered_display": "100"}, "missing_lines": [], "excluded_lines": [], "functions": {"": {"executed_lines": [1, 2, 4], "summary": {"covered_lines": 3, "num_statements": 3, "percent_covered": 100.0, "percent_covered_display": "100", "missing_lines": 0, "excluded_lines": 0, "percent_statements_covered": 100.0, "percent_statements_covered_display": "100"}, "missing_lines": [], "excluded_lines": []}}, "classes": {"": {"executed_lines": [1, 2, 4], "summary": {"covered_lines": 3, "num_statements": 3, "percent_covered": 100.0, "percent_covered_display": "100", "missing_lines": 0, "excluded_lines": 0, "percent_statements_covered": 100.0, "percent_statements_covered_display": "100"}, "missing_lines": [], "excluded_lines": []}}}, "src/torchonnx/_torchonnx.py": {"executed_lines": [1, 2, 4, 6, 7, 10, 11, 12, 13, 15, 34, 36, 45, 47, 50, 52, 55, 57, 60, 62, 63, 64, 66, 69, 71, 76, 82, 83, 86, 89, 92, 95, 97, 100, 101, 103, 107, 108], "summary": {"covered_lines": 38, "num_statements": 44, "percent_covered": 86.36363636363636, "percent_covered_display": "86", "missing_lines": 6, "excluded_lines": 0, "percent_statements_covered": 86.36363636363636, "percent_statements_covered_display": "86"}, "missing_lines": [96, 98, 104, 105, 133, 135], "excluded_lines": [], "functions": {"TorchONNX.__init__": {"executed_lines": [12, 13], "summary": {"covered_lines": 2, "num_statements": 2, "percent_covered": 100.0, "percent_covered_display": "100", "missing_lines": 0, "excluded_lines": 0, "percent_statements_covered": 100.0, "percent_statements_covered_display": "100"}, "missing_lines": [], "excluded_lines": []}, "TorchONNX.convert": {"executed_lines": [34, 36, 45, 47, 50, 52, 55, 57, 60, 62, 63, 64, 66, 69, 71, 76, 82, 83, 86, 89, 92, 95, 97, 100, 101, 103], "summary": {"covered_lines": 26, "num_statements": 30, "percent_covered": 86.66666666666667, "percent_covered_display": "87", "missing_lines": 4, "excluded_lines": 0, "percent_statements_covered": 86.66666666666667, "percent_statements_covered_display": "87"}, "missing_lines": [96, 98, 104, 105], "excluded_lines": []}, "TorchONNX.preprocess": {"executed_lines": [], "summary": {"covered_lines": 0, "num_statements": 2, "percent_covered": 0.0, "percent_covered_display": "0", "missing_lines": 2, "excluded_lines": 0, "percent_statements_covered": 0.0, "percent_statements_covered_display": "0"}, "missing_lines": [133, 135], "excluded_lines": []}, "": {"executed_lines": [1, 2, 4, 6, 7, 10, 11, 15, 107, 108], "summary": {"covered_lines": 10, "num_statements": 10, "percent_covered": 100.0, "percent_covered_display": "100", "missing_lines": 0, "excluded_lines": 0, "percent_statements_covered": 100.0, "percent_statements_covered_display": "100"}, "missing_lines": [], "excluded_lines": []}}, "classes": {"TorchONNX": {"executed_lines": [12, 13, 34, 36, 45, 47, 50, 52, 55, 57, 60, 62, 63, 64, 66, 69, 71, 76, 82, 83, 86, 89, 92, 95, 97, 100, 101, 103], "summary": {"covered_lines": 28, "num_statements": 34, "percent_covered": 82.3529411764706, "percent_covered_display": "82", "missing_lines": 6, "excluded_lines": 0, "percent_statements_covered": 82.3529411764706, "percent_statements_covered_display": "82"}, "missing_lines": [96, 98, 104, 105, 133, 135], "excluded_lines": []}, "": {"executed_lines": [1, 2, 4, 6, 7, 10, 11, 15, 107, 108], "summary": {"covered_lines": 10, "num_statements": 10, "percent_covered": 100.0, "percent_covered_display": "100", "missing_lines": 0, "excluded_lines": 0, "percent_statements_covered": 100.0, "percent_statements_covered_display": "100"}, "missing_lines": [], "excluded_lines": []}}}, "src/torchonnx/analyze/__init__.py": {"executed_lines": [1, 6, 7, 20, 21, 22], "summary": {"covered_lines": 5, "num_statements": 5, "percent_covered": 100.0, "percent_covered_display": "100", "missing_lines": 0, "excluded_lines": 0, "percent_statements_covered": 100.0, "percent_statements_covered_display": "100"}, "missing_lines": [], "excluded_lines": [], "functions": {"": {"executed_lines": [1, 6, 7, 20, 21, 22], "summary": {"covered_lines": 5, "num_statements": 5, "percent_covered": 100.0, "percent_covered_display": "100", "missing_lines": 0, "excluded_lines": 0, "percent_statements_covered": 100.0, "percent_statements_covered_display": "100"}, "missing_lines": [], "excluded_lines": []}}, "classes": {"": {"executed_lines": [1, 6, 7, 20, 21, 22], "summary": {"covered_lines": 5, "num_statements": 5, "percent_covered": 100.0, "percent_covered_display": "100", "missing_lines": 0, "excluded_lines": 0, "percent_statements_covered": 100.0, "percent_statements_covered_display": "100"}, "missing_lines": [], "excluded_lines": []}}}, "src/torchonnx/analyze/attr_extractor.py": {"executed_lines": [1, 3, 4, 6, 7, 9, 10, 13, 29, 37, 38, 39, 40, 44, 45, 48, 54, 55, 56, 62, 70, 71, 72, 73, 74, 75, 76, 77, 80, 87, 91, 93, 94, 98, 101, 103, 115, 117, 118, 119, 120, 123, 125, 126, 130, 132, 135, 137, 138, 140, 142, 145, 147, 148, 150, 153, 155, 166, 168, 172, 173, 174, 177, 182, 186, 199, 201, 203, 207, 208, 209, 210, 211, 214, 218, 219, 221, 224, 232, 233, 235, 238, 240, 252, 254, 256, 257, 258, 260, 262, 265, 273, 274, 275, 280, 282, 285, 293, 295, 311, 316, 326, 328, 329, 331, 334, 344, 346, 347, 349, 352, 404, 412, 413, 415], "summary": {"covered_lines": 114, "num_statements": 153, "percent_covered": 74.50980392156863, "percent_covered_display": "75", "missing_lines": 39, "excluded_lines": 0, "percent_statements_covered": 74.50980392156863, "percent_statements_covered_display": "75"}, "missing_lines": [41, 57, 88, 95, 116, 127, 131, 139, 141, 149, 169, 170, 179, 200, 204, 205, 220, 253, 255, 261, 276, 287, 288, 289, 290, 313, 320, 321, 322, 323, 330, 336, 337, 338, 339, 340, 341, 348, 414], "excluded_lines": [], "functions": {"_scan_attrs": {"executed_lines": [37, 38, 39, 40, 44, 45], "summary": {"covered_lines": 6, "num_statements": 7, "percent_covered": 85.71428571428571, "percent_covered_display": "86", "missing_lines": 1, "excluded_lines": 0, "percent_statements_covered": 85.71428571428571, "percent_statements_covered_display": "86"}, "missing_lines": [41], "excluded_lines": []}, "_check_pads_symmetric": {"executed_lines": [54, 55, 56], "summary": {"covered_lines": 3, "num_statements": 4, "percent_covered": 75.0, "percent_covered_display": "75", "missing_lines": 1, "excluded_lines": 0, "percent_statements_covered": 75.0, "percent_statements_covered_display": "75"}, "missing_lines": [57], "excluded_lines": []}, "_infer_kernel_defaults": {"executed_lines": [70, 71, 72, 73, 74, 75, 76, 77], "summary": {"covered_lines": 8, "num_statements": 8, "percent_covered": 100.0, "percent_covered_display": "100", "missing_lines": 0, "excluded_lines": 0, "percent_statements_covered": 100.0, "percent_statements_covered_display": "100"}, "missing_lines": [], "excluded_lines": []}, "_validate_auto_pad": {"executed_lines": [87], "summary": {"covered_lines": 1, "num_statements": 2, "percent_covered": 50.0, "percent_covered_display": "50", "missing_lines": 1, "excluded_lines": 0, "percent_statements_covered": 50.0, "percent_statements_covered_display": "50"}, "missing_lines": [88], "excluded_lines": []}, "_get_attrs_argmax": {"executed_lines": [93, 94, 98], "summary": {"covered_lines": 3, "num_statements": 4, "percent_covered": 75.0, "percent_covered_display": "75", "missing_lines": 1, "excluded_lines": 0, "percent_statements_covered": 75.0, "percent_statements_covered_display": "75"}, "missing_lines": [95], "excluded_lines": []}, "_get_attrs_avgpool": {"executed_lines": [103, 115, 117, 118, 119, 120], "summary": {"covered_lines": 6, "num_statements": 7, "percent_covered": 85.71428571428571, "percent_covered_display": "86", "missing_lines": 1, "excluded_lines": 0, "percent_statements_covered": 85.71428571428571, "percent_statements_covered_display": "86"}, "missing_lines": [116], "excluded_lines": []}, "_get_attrs_batchnorm": {"executed_lines": [125, 126, 130, 132], "summary": {"covered_lines": 4, "num_statements": 6, "percent_covered": 66.66666666666667, "percent_covered_display": "67", "missing_lines": 2, "excluded_lines": 0, "percent_statements_covered": 66.66666666666667, "percent_statements_covered_display": "67"}, "missing_lines": [127, 131], "excluded_lines": []}, "_get_attrs_cast": {"executed_lines": [137, 138, 140, 142], "summary": {"covered_lines": 4, "num_statements": 6, "percent_covered": 66.66666666666667, "percent_covered_display": "67", "missing_lines": 2, "excluded_lines": 0, "percent_statements_covered": 66.66666666666667, "percent_statements_covered_display": "67"}, "missing_lines": [139, 141], "excluded_lines": []}, "_get_attrs_concat": {"executed_lines": [147, 148, 150], "summary": {"covered_lines": 3, "num_statements": 4, "percent_covered": 75.0, "percent_covered_display": "75", "missing_lines": 1, "excluded_lines": 0, "percent_statements_covered": 75.0, "percent_statements_covered_display": "75"}, "missing_lines": [149], "excluded_lines": []}, "_get_attrs_conv": {"executed_lines": [155, 166, 168, 172, 173, 174], "summary": {"covered_lines": 6, "num_statements": 8, "percent_covered": 75.0, "percent_covered_display": "75", "missing_lines": 2, "excluded_lines": 0, "percent_statements_covered": 75.0, "percent_statements_covered_display": "75"}, "missing_lines": [169, 170], "excluded_lines": []}, "_get_attrs_constant": {"executed_lines": [], "summary": {"covered_lines": 0, "num_statements": 1, "percent_covered": 0.0, "percent_covered_display": "0", "missing_lines": 1, "excluded_lines": 0, "percent_statements_covered": 0.0, "percent_statements_covered_display": "0"}, "missing_lines": [179], "excluded_lines": []}, "_get_attrs_convtranspose": {"executed_lines": [186, 199, 201, 203, 207, 208, 209, 210, 211], "summary": {"covered_lines": 9, "num_statements": 12, "percent_covered": 75.0, "percent_covered_display": "75", "missing_lines": 3, "excluded_lines": 0, "percent_statements_covered": 75.0, "percent_statements_covered_display": "75"}, "missing_lines": [200, 204, 205], "excluded_lines": []}, "_get_attrs_constantofshape": {"executed_lines": [218, 219, 221], "summary": {"covered_lines": 3, "num_statements": 4, "percent_covered": 75.0, "percent_covered_display": "75", "missing_lines": 1, "excluded_lines": 0, "percent_statements_covered": 75.0, "percent_statements_covered_display": "75"}, "missing_lines": [220], "excluded_lines": []}, "_get_attrs_simple": {"executed_lines": [232, 235], "summary": {"covered_lines": 2, "num_statements": 2, "percent_covered": 100.0, "percent_covered_display": "100", "missing_lines": 0, "excluded_lines": 0, "percent_statements_covered": 100.0, "percent_statements_covered_display": "100"}, "missing_lines": [], "excluded_lines": []}, "_get_attrs_simple.extractor": {"executed_lines": [233], "summary": {"covered_lines": 1, "num_statements": 1, "percent_covered": 100.0, "percent_covered_display": "100", "missing_lines": 0, "excluded_lines": 0, "percent_statements_covered": 100.0, "percent_statements_covered_display": "100"}, "missing_lines": [], "excluded_lines": []}, "_get_attrs_maxpool": {"executed_lines": [240, 252, 254, 256, 257, 258, 260, 262], "summary": {"covered_lines": 8, "num_statements": 11, "percent_covered": 72.72727272727273, "percent_covered_display": "73", "missing_lines": 3, "excluded_lines": 0, "percent_statements_covered": 72.72727272727273, "percent_statements_covered_display": "73"}, "missing_lines": [253, 255, 261], "excluded_lines": []}, "_get_attrs_reduce": {"executed_lines": [273, 282], "summary": {"covered_lines": 2, "num_statements": 2, "percent_covered": 100.0, "percent_covered_display": "100", "missing_lines": 0, "excluded_lines": 0, "percent_statements_covered": 100.0, "percent_statements_covered_display": "100"}, "missing_lines": [], "excluded_lines": []}, "_get_attrs_reduce.extractor": {"executed_lines": [274, 275, 280], "summary": {"covered_lines": 3, "num_statements": 4, "percent_covered": 75.0, "percent_covered_display": "75", "missing_lines": 1, "excluded_lines": 0, "percent_statements_covered": 75.0, "percent_statements_covered_display": "75"}, "missing_lines": [276], "excluded_lines": []}, "_get_attrs_reshape": {"executed_lines": [], "summary": {"covered_lines": 0, "num_statements": 4, "percent_covered": 0.0, "percent_covered_display": "0", "missing_lines": 4, "excluded_lines": 0, "percent_statements_covered": 0.0, "percent_statements_covered_display": "0"}, "missing_lines": [287, 288, 289, 290], "excluded_lines": []}, "_get_attrs_resize": {"executed_lines": [295], "summary": {"covered_lines": 1, "num_statements": 1, "percent_covered": 100.0, "percent_covered_display": "100", "missing_lines": 0, "excluded_lines": 0, "percent_statements_covered": 100.0, "percent_statements_covered_display": "100"}, "missing_lines": [], "excluded_lines": []}, "_get_attrs_scatter": {"executed_lines": [], "summary": {"covered_lines": 0, "num_statements": 1, "percent_covered": 0.0, "percent_covered_display": "0", "missing_lines": 1, "excluded_lines": 0, "percent_statements_covered": 0.0, "percent_statements_covered_display": "0"}, "missing_lines": [313], "excluded_lines": []}, "_get_attrs_scatterelement": {"executed_lines": [], "summary": {"covered_lines": 0, "num_statements": 4, "percent_covered": 0.0, "percent_covered_display": "0", "missing_lines": 4, "excluded_lines": 0, "percent_statements_covered": 0.0, "percent_statements_covered_display": "0"}, "missing_lines": [320, 321, 322, 323], "excluded_lines": []}, "_get_attrs_scatternd": {"executed_lines": [328, 329, 331], "summary": {"covered_lines": 3, "num_statements": 4, "percent_covered": 75.0, "percent_covered_display": "75", "missing_lines": 1, "excluded_lines": 0, "percent_statements_covered": 75.0, "percent_statements_covered_display": "75"}, "missing_lines": [330], "excluded_lines": []}, "_get_attrs_shape": {"executed_lines": [], "summary": {"covered_lines": 0, "num_statements": 6, "percent_covered": 0.0, "percent_covered_display": "0", "missing_lines": 6, "excluded_lines": 0, "percent_statements_covered": 0.0, "percent_statements_covered_display": "0"}, "missing_lines": [336, 337, 338, 339, 340, 341], "excluded_lines": []}, "_get_attrs_transpose": {"executed_lines": [346, 347, 349], "summary": {"covered_lines": 3, "num_statements": 4, "percent_covered": 75.0, "percent_covered_display": "75", "missing_lines": 1, "excluded_lines": 0, "percent_statements_covered": 75.0, "percent_statements_covered_display": "75"}, "missing_lines": [348], "excluded_lines": []}, "extract_onnx_attrs": {"executed_lines": [412, 413, 415], "summary": {"covered_lines": 3, "num_statements": 4, "percent_covered": 75.0, "percent_covered_display": "75", "missing_lines": 1, "excluded_lines": 0, "percent_statements_covered": 75.0, "percent_statements_covered_display": "75"}, "missing_lines": [414], "excluded_lines": []}, "": {"executed_lines": [1, 3, 4, 6, 7, 9, 10, 13, 29, 48, 62, 80, 91, 101, 123, 135, 145, 153, 177, 182, 214, 224, 238, 265, 285, 293, 311, 316, 326, 334, 344, 352, 404], "summary": {"covered_lines": 32, "num_statements": 32, "percent_covered": 100.0, "percent_covered_display": "100", "missing_lines": 0, "excluded_lines": 0, "percent_statements_covered": 100.0, "percent_statements_covered_display": "100"}, "missing_lines": [], "excluded_lines": []}}, "classes": {"": {"executed_lines": [1, 3, 4, 6, 7, 9, 10, 13, 29, 37, 38, 39, 40, 44, 45, 48, 54, 55, 56, 62, 70, 71, 72, 73, 74, 75, 76, 77, 80, 87, 91, 93, 94, 98, 101, 103, 115, 117, 118, 119, 120, 123, 125, 126, 130, 132, 135, 137, 138, 140, 142, 145, 147, 148, 150, 153, 155, 166, 168, 172, 173, 174, 177, 182, 186, 199, 201, 203, 207, 208, 209, 210, 211, 214, 218, 219, 221, 224, 232, 233, 235, 238, 240, 252, 254, 256, 257, 258, 260, 262, 265, 273, 274, 275, 280, 282, 285, 293, 295, 311, 316, 326, 328, 329, 331, 334, 344, 346, 347, 349, 352, 404, 412, 413, 415], "summary": {"covered_lines": 114, "num_statements": 153, "percent_covered": 74.50980392156863, "percent_covered_display": "75", "missing_lines": 39, "excluded_lines": 0, "percent_statements_covered": 74.50980392156863, "percent_statements_covered_display": "75"}, "missing_lines": [41, 57, 88, 95, 116, 127, 131, 139, 141, 149, 169, 170, 179, 200, 204, 205, 220, 253, 255, 261, 276, 287, 288, 289, 290, 313, 320, 321, 322, 323, 330, 336, 337, 338, 339, 340, 341, 348, 414], "excluded_lines": []}}}, "src/torchonnx/analyze/builder.py": {"executed_lines": [1, 7, 8, 10, 11, 19, 28, 31, 37, 39, 42, 43, 45, 48, 64, 67, 70, 71, 72, 76, 77, 85, 87, 90, 91, 101, 113, 120, 135, 150, 157, 160, 163, 164, 165, 166, 169, 170, 171, 172, 173, 182, 183, 186, 189, 190, 193, 194, 197, 200, 201, 202, 204], "summary": {"covered_lines": 52, "num_statements": 54, "percent_covered": 96.29629629629629, "percent_covered_display": "96", "missing_lines": 2, "excluded_lines": 0, "percent_statements_covered": 96.29629629629629, "percent_statements_covered_display": "96"}, "missing_lines": [38, 40], "excluded_lines": [], "functions": {"_classify_operator_class": {"executed_lines": [37, 39, 42, 43, 45], "summary": {"covered_lines": 5, "num_statements": 7, "percent_covered": 71.42857142857143, "percent_covered_display": "71", "missing_lines": 2, "excluded_lines": 0, "percent_statements_covered": 71.42857142857143, "percent_statements_covered_display": "71"}, "missing_lines": [38, 40], "excluded_lines": []}, "_build_semantic_layer_ir": {"executed_lines": [64, 67, 70, 71, 72, 76, 77, 85, 87, 90, 91, 101, 113, 120], "summary": {"covered_lines": 14, "num_statements": 14, "percent_covered": 100.0, "percent_covered_display": "100", "missing_lines": 0, "excluded_lines": 0, "percent_statements_covered": 100.0, "percent_statements_covered_display": "100"}, "missing_lines": [], "excluded_lines": []}, "build_semantic_ir": {"executed_lines": [150, 157, 160, 163, 164, 165, 166, 169, 170, 171, 172, 173, 182, 183, 186, 189, 190, 193, 194, 197, 200, 201, 202, 204], "summary": {"covered_lines": 24, "num_statements": 24, "percent_covered": 100.0, "percent_covered_display": "100", "missing_lines": 0, "excluded_lines": 0, "percent_statements_covered": 100.0, "percent_statements_covered_display": "100"}, "missing_lines": [], "excluded_lines": []}, "": {"executed_lines": [1, 7, 8, 10, 11, 19, 28, 31, 48, 135], "summary": {"covered_lines": 9, "num_statements": 9, "percent_covered": 100.0, "percent_covered_display": "100", "missing_lines": 0, "excluded_lines": 0, "percent_statements_covered": 100.0, "percent_statements_covered_display": "100"}, "missing_lines": [], "excluded_lines": []}}, "classes": {"": {"executed_lines": [1, 7, 8, 10, 11, 19, 28, 31, 37, 39, 42, 43, 45, 48, 64, 67, 70, 71, 72, 76, 77, 85, 87, 90, 91, 101, 113, 120, 135, 150, 157, 160, 163, 164, 165, 166, 169, 170, 171, 172, 173, 182, 183, 186, 189, 190, 193, 194, 197, 200, 201, 202, 204], "summary": {"covered_lines": 52, "num_statements": 54, "percent_covered": 96.29629629629629, "percent_covered_display": "96", "missing_lines": 2, "excluded_lines": 0, "percent_statements_covered": 96.29629629629629, "percent_statements_covered_display": "96"}, "missing_lines": [38, 40], "excluded_lines": []}}}, "src/torchonnx/analyze/tensor_classifier.py": {"executed_lines": [1, 7, 8, 10, 11, 13, 16, 32, 39, 42, 45, 51, 54, 60, 61, 62, 63, 67, 73, 74, 77, 90, 91, 96, 100, 101, 102, 104, 105, 108, 111, 131, 132, 134, 137, 142, 143, 144, 146, 147, 149, 150, 152, 162, 176, 177, 179, 180, 182, 184, 192, 193, 195, 198, 223, 225, 227, 228, 229, 230, 231, 233, 234, 243, 245, 248, 251, 252, 254, 255, 256, 259, 267, 270, 287, 289, 291, 294, 295, 296, 297, 299, 307], "summary": {"covered_lines": 82, "num_statements": 87, "percent_covered": 94.25287356321839, "percent_covered_display": "94", "missing_lines": 5, "excluded_lines": 0, "percent_statements_covered": 94.25287356321839, "percent_statements_covered_display": "94"}, "missing_lines": [64, 92, 93, 257, 292], "excluded_lines": [], "functions": {"_tensor_proto_to_torch": {"executed_lines": [39, 42], "summary": {"covered_lines": 2, "num_statements": 2, "percent_covered": 100.0, "percent_covered_display": "100", "missing_lines": 0, "excluded_lines": 0, "percent_statements_covered": 100.0, "percent_statements_covered_display": "100"}, "missing_lines": [], "excluded_lines": []}, "_onnx_dtype_to_torch": {"executed_lines": [51], "summary": {"covered_lines": 1, "num_statements": 1, "percent_covered": 100.0, "percent_covered_display": "100", "missing_lines": 0, "excluded_lines": 0, "percent_statements_covered": 100.0, "percent_statements_covered_display": "100"}, "missing_lines": [], "excluded_lines": []}, "_get_conv_or_linear_role": {"executed_lines": [60, 61, 62, 63], "summary": {"covered_lines": 4, "num_statements": 5, "percent_covered": 80.0, "percent_covered_display": "80", "missing_lines": 1, "excluded_lines": 0, "percent_statements_covered": 80.0, "percent_statements_covered_display": "80"}, "missing_lines": [64], "excluded_lines": []}, "_get_batchnorm_role": {"executed_lines": [73, 74], "summary": {"covered_lines": 2, "num_statements": 2, "percent_covered": 100.0, "percent_covered_display": "100", "missing_lines": 0, "excluded_lines": 0, "percent_statements_covered": 100.0, "percent_statements_covered_display": "100"}, "missing_lines": [], "excluded_lines": []}, "_get_parameter_role": {"executed_lines": [90, 91, 96, 100, 101, 102, 104, 105, 108], "summary": {"covered_lines": 9, "num_statements": 11, "percent_covered": 81.81818181818181, "percent_covered_display": "82", "missing_lines": 2, "excluded_lines": 0, "percent_statements_covered": 81.81818181818181, "percent_statements_covered_display": "82"}, "missing_lines": [92, 93], "excluded_lines": []}, "_process_parameter_input": {"executed_lines": [131, 132, 134, 137, 142, 143, 144, 146, 147, 149, 150, 152], "summary": {"covered_lines": 12, "num_statements": 12, "percent_covered": 100.0, "percent_covered_display": "100", "missing_lines": 0, "excluded_lines": 0, "percent_statements_covered": 100.0, "percent_statements_covered_display": "100"}, "missing_lines": [], "excluded_lines": []}, "_process_constant_input": {"executed_lines": [176, 177, 179, 180, 182, 184, 192, 193, 195], "summary": {"covered_lines": 9, "num_statements": 9, "percent_covered": 100.0, "percent_covered_display": "100", "missing_lines": 0, "excluded_lines": 0, "percent_statements_covered": 100.0, "percent_statements_covered_display": "100"}, "missing_lines": [], "excluded_lines": []}, "classify_inputs": {"executed_lines": [223, 225, 227, 228, 229, 230, 231, 233, 234, 243, 245, 248, 251, 252, 254, 255, 256, 259, 267], "summary": {"covered_lines": 19, "num_statements": 20, "percent_covered": 95.0, "percent_covered_display": "95", "missing_lines": 1, "excluded_lines": 0, "percent_statements_covered": 95.0, "percent_statements_covered_display": "95"}, "missing_lines": [257], "excluded_lines": []}, "classify_outputs": {"executed_lines": [287, 289, 291, 294, 295, 296, 297, 299, 307], "summary": {"covered_lines": 9, "num_statements": 10, "percent_covered": 90.0, "percent_covered_display": "90", "missing_lines": 1, "excluded_lines": 0, "percent_statements_covered": 90.0, "percent_statements_covered_display": "90"}, "missing_lines": [292], "excluded_lines": []}, "": {"executed_lines": [1, 7, 8, 10, 11, 13, 16, 32, 45, 54, 67, 77, 111, 162, 198, 270], "summary": {"covered_lines": 15, "num_statements": 15, "percent_covered": 100.0, "percent_covered_display": "100", "missing_lines": 0, "excluded_lines": 0, "percent_statements_covered": 100.0, "percent_statements_covered_display": "100"}, "missing_lines": [], "excluded_lines": []}}, "classes": {"": {"executed_lines": [1, 7, 8, 10, 11, 13, 16, 32, 39, 42, 45, 51, 54, 60, 61, 62, 63, 67, 73, 74, 77, 90, 91, 96, 100, 101, 102, 104, 105, 108, 111, 131, 132, 134, 137, 142, 143, 144, 146, 147, 149, 150, 152, 162, 176, 177, 179, 180, 182, 184, 192, 193, 195, 198, 223, 225, 227, 228, 229, 230, 231, 233, 234, 243, 245, 248, 251, 252, 254, 255, 256, 259, 267, 270, 287, 289, 291, 294, 295, 296, 297, 299, 307], "summary": {"covered_lines": 82, "num_statements": 87, "percent_covered": 94.25287356321839, "percent_covered_display": "94", "missing_lines": 5, "excluded_lines": 0, "percent_statements_covered": 94.25287356321839, "percent_statements_covered_display": "94"}, "missing_lines": [64, 92, 93, 257, 292], "excluded_lines": []}}}, "src/torchonnx/analyze/type_mapping/__init__.py": {"executed_lines": [1, 3, 4, 14, 16, 21, 31, 38, 48, 51, 58, 61, 63, 64, 65, 66, 67, 68, 69, 70, 71, 75, 77, 78, 79, 80, 81, 83, 84, 89, 96, 97, 98, 99, 100, 107, 108, 109, 110, 111, 112, 113, 114], "summary": {"covered_lines": 42, "num_statements": 47, "percent_covered": 89.36170212765957, "percent_covered_display": "89", "missing_lines": 5, "excluded_lines": 0, "percent_statements_covered": 89.36170212765957, "percent_statements_covered_display": "89"}, "missing_lines": [72, 82, 85, 86, 106], "excluded_lines": [], "functions": {"convert_to_operator_function": {"executed_lines": [38, 48], "summary": {"covered_lines": 2, "num_statements": 2, "percent_covered": 100.0, "percent_covered_display": "100", "missing_lines": 0, "excluded_lines": 0, "percent_statements_covered": 100.0, "percent_statements_covered_display": "100"}, "missing_lines": [], "excluded_lines": []}, "convert_to_operation_function": {"executed_lines": [58], "summary": {"covered_lines": 1, "num_statements": 1, "percent_covered": 100.0, "percent_covered_display": "100", "missing_lines": 0, "excluded_lines": 0, "percent_statements_covered": 100.0, "percent_statements_covered_display": "100"}, "missing_lines": [], "excluded_lines": []}, "_get_conv_pytorch_type": {"executed_lines": [63, 64, 65, 66, 67, 68, 69, 70, 71], "summary": {"covered_lines": 9, "num_statements": 10, "percent_covered": 90.0, "percent_covered_display": "90", "missing_lines": 1, "excluded_lines": 0, "percent_statements_covered": 90.0, "percent_statements_covered_display": "90"}, "missing_lines": [72], "excluded_lines": []}, "_get_convtranspose_pytorch_type": {"executed_lines": [77, 78, 79, 80, 81, 83, 84], "summary": {"covered_lines": 7, "num_statements": 10, "percent_covered": 70.0, "percent_covered_display": "70", "missing_lines": 3, "excluded_lines": 0, "percent_statements_covered": 70.0, "percent_statements_covered_display": "70"}, "missing_lines": [82, 85, 86], "excluded_lines": []}, "convert_to_pytorch_type": {"executed_lines": [96, 97, 98, 99, 100, 107, 108, 109, 110, 111, 112, 113, 114], "summary": {"covered_lines": 13, "num_statements": 14, "percent_covered": 92.85714285714286, "percent_covered_display": "93", "missing_lines": 1, "excluded_lines": 0, "percent_statements_covered": 92.85714285714286, "percent_statements_covered_display": "93"}, "missing_lines": [106], "excluded_lines": []}, "": {"executed_lines": [1, 3, 4, 14, 16, 21, 31, 51, 61, 75, 89], "summary": {"covered_lines": 10, "num_statements": 10, "percent_covered": 100.0, "percent_covered_display": "100", "missing_lines": 0, "excluded_lines": 0, "percent_statements_covered": 100.0, "percent_statements_covered_display": "100"}, "missing_lines": [], "excluded_lines": []}}, "classes": {"": {"executed_lines": [1, 3, 4, 14, 16, 21, 31, 38, 48, 51, 58, 61, 63, 64, 65, 66, 67, 68, 69, 70, 71, 75, 77, 78, 79, 80, 81, 83, 84, 89, 96, 97, 98, 99, 100, 107, 108, 109, 110, 111, 112, 113, 114], "summary": {"covered_lines": 42, "num_statements": 47, "percent_covered": 89.36170212765957, "percent_covered_display": "89", "missing_lines": 5, "excluded_lines": 0, "percent_statements_covered": 89.36170212765957, "percent_statements_covered_display": "89"}, "missing_lines": [72, 82, 85, 86, 106], "excluded_lines": []}}}, "src/torchonnx/analyze/type_mapping/_layers.py": {"executed_lines": [1, 7, 8, 10, 12, 14, 16, 47, 70, 77, 78, 81, 87, 88, 90, 91, 92, 95, 100, 101, 102, 103, 109, 119, 122, 124, 125, 127, 128, 131, 132, 135, 136, 138, 140, 141, 144, 146, 157, 160, 170, 172, 173, 175, 177, 178, 180, 187, 190, 200, 203, 205, 207, 208, 209, 210, 215, 217, 223, 226, 236, 239, 241, 242, 244, 245, 248, 249, 252, 253, 255, 257, 258, 261, 263, 264, 267, 279, 282, 292, 295, 305, 307, 308, 311, 312, 315, 316, 318, 320, 321, 323, 330, 331, 334, 335, 337, 338, 341, 344, 345, 347, 350, 360, 362, 363, 366, 367, 368, 370, 372, 373, 376, 378, 386, 389, 412, 427, 442, 457, 472, 482, 484, 485, 492, 493, 494, 495, 496, 497, 510, 523, 536, 549, 567, 590, 600, 602, 608], "summary": {"covered_lines": 138, "num_statements": 195, "percent_covered": 70.76923076923077, "percent_covered_display": "71", "missing_lines": 57, "excluded_lines": 0, "percent_statements_covered": 70.76923076923077, "percent_statements_covered_display": "71"}, "missing_lines": [89, 104, 120, 129, 133, 137, 142, 201, 212, 213, 237, 246, 250, 254, 259, 265, 309, 313, 317, 339, 342, 364, 369, 374, 401, 403, 404, 405, 407, 408, 409, 422, 423, 424, 437, 438, 439, 452, 453, 454, 467, 468, 469, 500, 501, 502, 503, 504, 505, 507, 520, 533, 546, 559, 560, 562, 603], "excluded_lines": [], "functions": {"is_layer_with_args": {"executed_lines": [77, 78], "summary": {"covered_lines": 2, "num_statements": 2, "percent_covered": 100.0, "percent_covered_display": "100", "missing_lines": 0, "excluded_lines": 0, "percent_statements_covered": 100.0, "percent_statements_covered_display": "100"}, "missing_lines": [], "excluded_lines": []}, "_simplify_tuple": {"executed_lines": [87, 88, 90, 91, 92], "summary": {"covered_lines": 5, "num_statements": 6, "percent_covered": 83.33333333333333, "percent_covered_display": "83", "missing_lines": 1, "excluded_lines": 0, "percent_statements_covered": 83.33333333333333, "percent_statements_covered_display": "83"}, "missing_lines": [89], "excluded_lines": []}, "_check_symmetric_padding": {"executed_lines": [100, 101, 102, 103], "summary": {"covered_lines": 4, "num_statements": 5, "percent_covered": 80.0, "percent_covered_display": "80", "missing_lines": 1, "excluded_lines": 0, "percent_statements_covered": 80.0, "percent_statements_covered_display": "80"}, "missing_lines": [104], "excluded_lines": []}, "_extract_conv_args": {"executed_lines": [119, 122, 124, 125, 127, 128, 131, 132, 135, 136, 138, 140, 141, 144, 146, 157], "summary": {"covered_lines": 16, "num_statements": 21, "percent_covered": 76.19047619047619, "percent_covered_display": "76", "missing_lines": 5, "excluded_lines": 0, "percent_statements_covered": 76.19047619047619, "percent_statements_covered_display": "76"}, "missing_lines": [120, 129, 133, 137, 142], "excluded_lines": []}, "_extract_batchnorm_args": {"executed_lines": [170, 172, 173, 175, 177, 178, 180, 187], "summary": {"covered_lines": 8, "num_statements": 8, "percent_covered": 100.0, "percent_covered_display": "100", "missing_lines": 0, "excluded_lines": 0, "percent_statements_covered": 100.0, "percent_statements_covered_display": "100"}, "missing_lines": [], "excluded_lines": []}, "_extract_gemm_args": {"executed_lines": [200, 203, 205, 207, 208, 209, 210, 215, 217, 223], "summary": {"covered_lines": 10, "num_statements": 13, "percent_covered": 76.92307692307692, "percent_covered_display": "77", "missing_lines": 3, "excluded_lines": 0, "percent_statements_covered": 76.92307692307692, "percent_statements_covered_display": "77"}, "missing_lines": [201, 212, 213], "excluded_lines": []}, "_extract_convtranspose_args": {"executed_lines": [236, 239, 241, 242, 244, 245, 248, 249, 252, 253, 255, 257, 258, 261, 263, 264, 267, 279], "summary": {"covered_lines": 18, "num_statements": 24, "percent_covered": 75.0, "percent_covered_display": "75", "missing_lines": 6, "excluded_lines": 0, "percent_statements_covered": 75.0, "percent_statements_covered_display": "75"}, "missing_lines": [237, 246, 250, 254, 259, 265], "excluded_lines": []}, "_extract_relu_args": {"executed_lines": [292], "summary": {"covered_lines": 1, "num_statements": 1, "percent_covered": 100.0, "percent_covered_display": "100", "missing_lines": 0, "excluded_lines": 0, "percent_statements_covered": 100.0, "percent_statements_covered_display": "100"}, "missing_lines": [], "excluded_lines": []}, "_extract_averagepool_args": {"executed_lines": [305, 307, 308, 311, 312, 315, 316, 318, 320, 321, 323, 330, 331, 334, 335, 337, 338, 341, 344, 345, 347], "summary": {"covered_lines": 21, "num_statements": 26, "percent_covered": 80.76923076923077, "percent_covered_display": "81", "missing_lines": 5, "excluded_lines": 0, "percent_statements_covered": 80.76923076923077, "percent_statements_covered_display": "81"}, "missing_lines": [309, 313, 317, 339, 342], "excluded_lines": []}, "_extract_maxpool_args": {"executed_lines": [360, 362, 363, 366, 367, 368, 370, 372, 373, 376, 378, 386], "summary": {"covered_lines": 12, "num_statements": 15, "percent_covered": 80.0, "percent_covered_display": "80", "missing_lines": 3, "excluded_lines": 0, "percent_statements_covered": 80.0, "percent_statements_covered_display": "80"}, "missing_lines": [364, 369, 374], "excluded_lines": []}, "_extract_dropout_args": {"executed_lines": [], "summary": {"covered_lines": 0, "num_statements": 7, "percent_covered": 0.0, "percent_covered_display": "0", "missing_lines": 7, "excluded_lines": 0, "percent_statements_covered": 0.0, "percent_statements_covered_display": "0"}, "missing_lines": [401, 403, 404, 405, 407, 408, 409], "excluded_lines": []}, "_extract_elu_args": {"executed_lines": [], "summary": {"covered_lines": 0, "num_statements": 3, "percent_covered": 0.0, "percent_covered_display": "0", "missing_lines": 3, "excluded_lines": 0, "percent_statements_covered": 0.0, "percent_statements_covered_display": "0"}, "missing_lines": [422, 423, 424], "excluded_lines": []}, "_extract_leakyrelu_args": {"executed_lines": [], "summary": {"covered_lines": 0, "num_statements": 3, "percent_covered": 0.0, "percent_covered_display": "0", "missing_lines": 3, "excluded_lines": 0, "percent_statements_covered": 0.0, "percent_statements_covered_display": "0"}, "missing_lines": [437, 438, 439], "excluded_lines": []}, "_extract_softmax_args": {"executed_lines": [], "summary": {"covered_lines": 0, "num_statements": 3, "percent_covered": 0.0, "percent_covered_display": "0", "missing_lines": 3, "excluded_lines": 0, "percent_statements_covered": 0.0, "percent_statements_covered_display": "0"}, "missing_lines": [452, 453, 454], "excluded_lines": []}, "_extract_gelu_args": {"executed_lines": [], "summary": {"covered_lines": 0, "num_statements": 3, "percent_covered": 0.0, "percent_covered_display": "0", "missing_lines": 3, "excluded_lines": 0, "percent_statements_covered": 0.0, "percent_statements_covered_display": "0"}, "missing_lines": [467, 468, 469], "excluded_lines": []}, "_extract_upsample_args": {"executed_lines": [482, 484, 485, 492, 493, 494, 495, 496, 497], "summary": {"covered_lines": 9, "num_statements": 16, "percent_covered": 56.25, "percent_covered_display": "56", "missing_lines": 7, "excluded_lines": 0, "percent_statements_covered": 56.25, "percent_statements_covered_display": "56"}, "missing_lines": [500, 501, 502, 503, 504, 505, 507], "excluded_lines": []}, "_extract_sigmoid_args": {"executed_lines": [], "summary": {"covered_lines": 0, "num_statements": 1, "percent_covered": 0.0, "percent_covered_display": "0", "missing_lines": 1, "excluded_lines": 0, "percent_statements_covered": 0.0, "percent_statements_covered_display": "0"}, "missing_lines": [520], "excluded_lines": []}, "_extract_tanh_args": {"executed_lines": [], "summary": {"covered_lines": 0, "num_statements": 1, "percent_covered": 0.0, "percent_covered_display": "0", "missing_lines": 1, "excluded_lines": 0, "percent_statements_covered": 0.0, "percent_statements_covered_display": "0"}, "missing_lines": [533], "excluded_lines": []}, "_extract_globalavgpool_args": {"executed_lines": [], "summary": {"covered_lines": 0, "num_statements": 1, "percent_covered": 0.0, "percent_covered_display": "0", "missing_lines": 1, "excluded_lines": 0, "percent_statements_covered": 0.0, "percent_statements_covered_display": "0"}, "missing_lines": [546], "excluded_lines": []}, "_extract_flatten_args": {"executed_lines": [], "summary": {"covered_lines": 0, "num_statements": 3, "percent_covered": 0.0, "percent_covered_display": "0", "missing_lines": 3, "excluded_lines": 0, "percent_statements_covered": 0.0, "percent_statements_covered_display": "0"}, "missing_lines": [559, 560, 562], "excluded_lines": []}, "extract_layer_args": {"executed_lines": [600, 602, 608], "summary": {"covered_lines": 3, "num_statements": 4, "percent_covered": 75.0, "percent_covered_display": "75", "missing_lines": 1, "excluded_lines": 0, "percent_statements_covered": 75.0, "percent_statements_covered_display": "75"}, "missing_lines": [603], "excluded_lines": []}, "": {"executed_lines": [1, 7, 8, 10, 12, 14, 16, 47, 70, 81, 95, 109, 160, 190, 226, 282, 295, 350, 389, 412, 427, 442, 457, 472, 510, 523, 536, 549, 567, 590], "summary": {"covered_lines": 29, "num_statements": 29, "percent_covered": 100.0, "percent_covered_display": "100", "missing_lines": 0, "excluded_lines": 0, "percent_statements_covered": 100.0, "percent_statements_covered_display": "100"}, "missing_lines": [], "excluded_lines": []}}, "classes": {"": {"executed_lines": [1, 7, 8, 10, 12, 14, 16, 47, 70, 77, 78, 81, 87, 88, 90, 91, 92, 95, 100, 101, 102, 103, 109, 119, 122, 124, 125, 127, 128, 131, 132, 135, 136, 138, 140, 141, 144, 146, 157, 160, 170, 172, 173, 175, 177, 178, 180, 187, 190, 200, 203, 205, 207, 208, 209, 210, 215, 217, 223, 226, 236, 239, 241, 242, 244, 245, 248, 249, 252, 253, 255, 257, 258, 261, 263, 264, 267, 279, 282, 292, 295, 305, 307, 308, 311, 312, 315, 316, 318, 320, 321, 323, 330, 331, 334, 335, 337, 338, 341, 344, 345, 347, 350, 360, 362, 363, 366, 367, 368, 370, 372, 373, 376, 378, 386, 389, 412, 427, 442, 457, 472, 482, 484, 485, 492, 493, 494, 495, 496, 497, 510, 523, 536, 549, 567, 590, 600, 602, 608], "summary": {"covered_lines": 138, "num_statements": 195, "percent_covered": 70.76923076923077, "percent_covered_display": "71", "missing_lines": 57, "excluded_lines": 0, "percent_statements_covered": 70.76923076923077, "percent_statements_covered_display": "71"}, "missing_lines": [89, 104, 120, 129, 133, 137, 142, 201, 212, 213, 237, 246, 250, 254, 259, 265, 309, 313, 317, 339, 342, 364, 369, 374, 401, 403, 404, 405, 407, 408, 409, 422, 423, 424, 437, 438, 439, 452, 453, 454, 467, 468, 469, 500, 501, 502, 503, 504, 505, 507, 520, 533, 546, 559, 560, 562, 603], "excluded_lines": []}}}, "src/torchonnx/analyze/type_mapping/_operations.py": {"executed_lines": [1, 7, 8, 18, 20, 21, 23, 25, 38, 74, 80, 83, 89, 92, 103, 114, 121, 122, 123, 124, 126, 127, 128, 130, 133, 137, 138, 141, 142, 143, 144, 145, 147, 150, 154, 155, 156, 159, 160, 168, 184, 205, 232, 268, 333, 345, 346, 347, 348], "summary": {"covered_lines": 48, "num_statements": 107, "percent_covered": 44.85981308411215, "percent_covered_display": "45", "missing_lines": 59, "excluded_lines": 0, "percent_statements_covered": 44.85981308411215, "percent_statements_covered_display": "45"}, "missing_lines": [98, 99, 100, 109, 110, 111, 162, 163, 165, 177, 178, 179, 180, 181, 192, 193, 195, 196, 201, 202, 207, 208, 209, 210, 211, 213, 215, 216, 218, 219, 221, 222, 223, 224, 226, 227, 229, 236, 237, 238, 239, 240, 241, 243, 245, 246, 248, 249, 251, 252, 253, 254, 256, 257, 258, 259, 261, 262, 264], "excluded_lines": [], "functions": {"is_operator": {"executed_lines": [80], "summary": {"covered_lines": 1, "num_statements": 1, "percent_covered": 100.0, "percent_covered_display": "100", "missing_lines": 0, "excluded_lines": 0, "percent_statements_covered": 100.0, "percent_statements_covered_display": "100"}, "missing_lines": [], "excluded_lines": []}, "is_operation": {"executed_lines": [89], "summary": {"covered_lines": 1, "num_statements": 1, "percent_covered": 100.0, "percent_covered_display": "100", "missing_lines": 0, "excluded_lines": 0, "percent_statements_covered": 100.0, "percent_statements_covered_display": "100"}, "missing_lines": [], "excluded_lines": []}, "convert_to_operator": {"executed_lines": [], "summary": {"covered_lines": 0, "num_statements": 3, "percent_covered": 0.0, "percent_covered_display": "0", "missing_lines": 3, "excluded_lines": 0, "percent_statements_covered": 0.0, "percent_statements_covered_display": "0"}, "missing_lines": [98, 99, 100], "excluded_lines": []}, "convert_to_operation": {"executed_lines": [], "summary": {"covered_lines": 0, "num_statements": 3, "percent_covered": 0.0, "percent_covered_display": "0", "missing_lines": 3, "excluded_lines": 0, "percent_statements_covered": 0.0, "percent_statements_covered_display": "0"}, "missing_lines": [109, 110, 111], "excluded_lines": []}, "_extract_pad_args": {"executed_lines": [121, 122, 123, 124, 126, 127, 128, 130], "summary": {"covered_lines": 8, "num_statements": 8, "percent_covered": 100.0, "percent_covered_display": "100", "missing_lines": 0, "excluded_lines": 0, "percent_statements_covered": 100.0, "percent_statements_covered_display": "100"}, "missing_lines": [], "excluded_lines": []}, "_extract_squeeze_unsqueeze_args": {"executed_lines": [137, 138, 141, 142, 143, 144, 145, 147], "summary": {"covered_lines": 8, "num_statements": 8, "percent_covered": 100.0, "percent_covered_display": "100", "missing_lines": 0, "excluded_lines": 0, "percent_statements_covered": 100.0, "percent_statements_covered_display": "100"}, "missing_lines": [], "excluded_lines": []}, "_extract_constant_of_shape_args": {"executed_lines": [154, 155, 156, 159, 160], "summary": {"covered_lines": 5, "num_statements": 8, "percent_covered": 62.5, "percent_covered_display": "62", "missing_lines": 3, "excluded_lines": 0, "percent_statements_covered": 62.5, "percent_statements_covered_display": "62"}, "missing_lines": [162, 163, 165], "excluded_lines": []}, "_simplify_homogeneous_values": {"executed_lines": [], "summary": {"covered_lines": 0, "num_statements": 5, "percent_covered": 0.0, "percent_covered_display": "0", "missing_lines": 5, "excluded_lines": 0, "percent_statements_covered": 0.0, "percent_statements_covered_display": "0"}, "missing_lines": [177, 178, 179, 180, 181], "excluded_lines": []}, "_process_conv_padding": {"executed_lines": [], "summary": {"covered_lines": 0, "num_statements": 6, "percent_covered": 0.0, "percent_covered_display": "0", "missing_lines": 6, "excluded_lines": 0, "percent_statements_covered": 0.0, "percent_statements_covered_display": "0"}, "missing_lines": [192, 193, 195, 196, 201, 202], "excluded_lines": []}, "_extract_conv_args": {"executed_lines": [], "summary": {"covered_lines": 0, "num_statements": 17, "percent_covered": 0.0, "percent_covered_display": "0", "missing_lines": 17, "excluded_lines": 0, "percent_statements_covered": 0.0, "percent_statements_covered_display": "0"}, "missing_lines": [207, 208, 209, 210, 211, 213, 215, 216, 218, 219, 221, 222, 223, 224, 226, 227, 229], "excluded_lines": []}, "_extract_conv_transpose_args": {"executed_lines": [], "summary": {"covered_lines": 0, "num_statements": 22, "percent_covered": 0.0, "percent_covered_display": "0", "missing_lines": 22, "excluded_lines": 0, "percent_statements_covered": 0.0, "percent_statements_covered_display": "0"}, "missing_lines": [236, 237, 238, 239, 240, 241, 243, 245, 246, 248, 249, 251, 252, 253, 254, 256, 257, 258, 259, 261, 262, 264], "excluded_lines": []}, "extract_operation_args": {"executed_lines": [345, 346, 347, 348], "summary": {"covered_lines": 4, "num_statements": 4, "percent_covered": 100.0, "percent_covered_display": "100", "missing_lines": 0, "excluded_lines": 0, "percent_statements_covered": 100.0, "percent_statements_covered_display": "100"}, "missing_lines": [], "excluded_lines": []}, "": {"executed_lines": [1, 7, 8, 18, 20, 21, 23, 25, 38, 74, 83, 92, 103, 114, 133, 150, 168, 184, 205, 232, 268, 333], "summary": {"covered_lines": 21, "num_statements": 21, "percent_covered": 100.0, "percent_covered_display": "100", "missing_lines": 0, "excluded_lines": 0, "percent_statements_covered": 100.0, "percent_statements_covered_display": "100"}, "missing_lines": [], "excluded_lines": []}}, "classes": {"": {"executed_lines": [1, 7, 8, 18, 20, 21, 23, 25, 38, 74, 80, 83, 89, 92, 103, 114, 121, 122, 123, 124, 126, 127, 128, 130, 133, 137, 138, 141, 142, 143, 144, 145, 147, 150, 154, 155, 156, 159, 160, 168, 184, 205, 232, 268, 333, 345, 346, 347, 348], "summary": {"covered_lines": 48, "num_statements": 107, "percent_covered": 44.85981308411215, "percent_covered_display": "45", "missing_lines": 59, "excluded_lines": 0, "percent_statements_covered": 44.85981308411215, "percent_statements_covered_display": "45"}, "missing_lines": [98, 99, 100, 109, 110, 111, 162, 163, 165, 177, 178, 179, 180, 181, 192, 193, 195, 196, 201, 202, 207, 208, 209, 210, 211, 213, 215, 216, 218, 219, 221, 222, 223, 224, 226, 227, 229, 236, 237, 238, 239, 240, 241, 243, 245, 246, 248, 249, 251, 252, 253, 254, 256, 257, 258, 259, 261, 262, 264], "excluded_lines": []}}}, "src/torchonnx/analyze/types.py": {"executed_lines": [1, 7, 8, 18, 19, 20, 22, 25, 26, 27, 36, 37, 38, 41, 42, 43, 55, 56, 57, 58, 59, 60, 63, 64, 65, 76, 77, 78, 79, 80, 83, 84, 85, 96, 97, 98, 99, 101, 109, 110, 117, 118, 119, 122, 123, 124, 138, 139, 142, 143, 146, 147, 150, 153, 154, 155, 169, 170, 171, 172, 173, 174, 175], "summary": {"covered_lines": 55, "num_statements": 56, "percent_covered": 98.21428571428571, "percent_covered_display": "98", "missing_lines": 1, "excluded_lines": 0, "percent_statements_covered": 98.21428571428571, "percent_statements_covered_display": "98"}, "missing_lines": [106], "excluded_lines": [], "functions": {"ArgumentInfo.is_default": {"executed_lines": [], "summary": {"covered_lines": 0, "num_statements": 1, "percent_covered": 0.0, "percent_covered_display": "0", "missing_lines": 1, "excluded_lines": 0, "percent_statements_covered": 0.0, "percent_statements_covered_display": "0"}, "missing_lines": [106], "excluded_lines": []}, "": {"executed_lines": [1, 7, 8, 18, 19, 20, 22, 25, 26, 27, 36, 37, 38, 41, 42, 43, 55, 56, 57, 58, 59, 60, 63, 64, 65, 76, 77, 78, 79, 80, 83, 84, 85, 96, 97, 98, 99, 101, 109, 110, 117, 118, 119, 122, 123, 124, 138, 139, 142, 143, 146, 147, 150, 153, 154, 155, 169, 170, 171, 172, 173, 174, 175], "summary": {"covered_lines": 55, "num_statements": 55, "percent_covered": 100.0, "percent_covered_display": "100", "missing_lines": 0, "excluded_lines": 0, "percent_statements_covered": 100.0, "percent_statements_covered_display": "100"}, "missing_lines": [], "excluded_lines": []}}, "classes": {"VariableInfo": {"executed_lines": [], "summary": {"covered_lines": 0, "num_statements": 0, "percent_covered": 100.0, "percent_covered_display": "100", "missing_lines": 0, "excluded_lines": 0, "percent_statements_covered": 100.0, "percent_statements_covered_display": "100"}, "missing_lines": [], "excluded_lines": []}, "ParameterInfo": {"executed_lines": [], "summary": {"covered_lines": 0, "num_statements": 0, "percent_covered": 100.0, "percent_covered_display": "100", "missing_lines": 0, "excluded_lines": 0, "percent_statements_covered": 100.0, "percent_statements_covered_display": "100"}, "missing_lines": [], "excluded_lines": []}, "ConstantInfo": {"executed_lines": [], "summary": {"covered_lines": 0, "num_statements": 0, "percent_covered": 100.0, "percent_covered_display": "100", "missing_lines": 0, "excluded_lines": 0, "percent_statements_covered": 100.0, "percent_statements_covered_display": "100"}, "missing_lines": [], "excluded_lines": []}, "ArgumentInfo": {"executed_lines": [], "summary": {"covered_lines": 0, "num_statements": 1, "percent_covered": 0.0, "percent_covered_display": "0", "missing_lines": 1, "excluded_lines": 0, "percent_statements_covered": 0.0, "percent_statements_covered_display": "0"}, "missing_lines": [106], "excluded_lines": []}, "OperatorClass": {"executed_lines": [], "summary": {"covered_lines": 0, "num_statements": 0, "percent_covered": 100.0, "percent_covered_display": "100", "missing_lines": 0, "excluded_lines": 0, "percent_statements_covered": 100.0, "percent_statements_covered_display": "100"}, "missing_lines": [], "excluded_lines": []}, "SemanticLayerIR": {"executed_lines": [], "summary": {"covered_lines": 0, "num_statements": 0, "percent_covered": 100.0, "percent_covered_display": "100", "missing_lines": 0, "excluded_lines": 0, "percent_statements_covered": 100.0, "percent_statements_covered_display": "100"}, "missing_lines": [], "excluded_lines": []}, "SemanticModelIR": {"executed_lines": [], "summary": {"covered_lines": 0, "num_statements": 0, "percent_covered": 100.0, "percent_covered_display": "100", "missing_lines": 0, "excluded_lines": 0, "percent_statements_covered": 100.0, "percent_statements_covered_display": "100"}, "missing_lines": [], "excluded_lines": []}, "": {"executed_lines": [1, 7, 8, 18, 19, 20, 22, 25, 26, 27, 36, 37, 38, 41, 42, 43, 55, 56, 57, 58, 59, 60, 63, 64, 65, 76, 77, 78, 79, 80, 83, 84, 85, 96, 97, 98, 99, 101, 109, 110, 117, 118, 119, 122, 123, 124, 138, 139, 142, 143, 146, 147, 150, 153, 154, 155, 169, 170, 171, 172, 173, 174, 175], "summary": {"covered_lines": 55, "num_statements": 55, "percent_covered": 100.0, "percent_covered_display": "100", "missing_lines": 0, "excluded_lines": 0, "percent_statements_covered": 100.0, "percent_statements_covered_display": "100"}, "missing_lines": [], "excluded_lines": []}}}, "src/torchonnx/build/__init__.py": {"executed_lines": [1, 6, 7, 9, 10], "summary": {"covered_lines": 4, "num_statements": 4, "percent_covered": 100.0, "percent_covered_display": "100", "missing_lines": 0, "excluded_lines": 0, "percent_statements_covered": 100.0, "percent_statements_covered_display": "100"}, "missing_lines": [], "excluded_lines": [], "functions": {"": {"executed_lines": [1, 6, 7, 9, 10], "summary": {"covered_lines": 4, "num_statements": 4, "percent_covered": 100.0, "percent_covered_display": "100", "missing_lines": 0, "excluded_lines": 0, "percent_statements_covered": 100.0, "percent_statements_covered_display": "100"}, "missing_lines": [], "excluded_lines": []}}, "classes": {"": {"executed_lines": [1, 6, 7, 9, 10], "summary": {"covered_lines": 4, "num_statements": 4, "percent_covered": 100.0, "percent_covered_display": "100", "missing_lines": 0, "excluded_lines": 0, "percent_statements_covered": 100.0, "percent_statements_covered_display": "100"}, "missing_lines": [], "excluded_lines": []}}}, "src/torchonnx/build/builder.py": {"executed_lines": [1, 7, 8, 10, 12, 20, 23, 32, 33, 35, 36, 39, 42, 57, 58, 61, 68, 70, 82, 98, 100, 101, 103, 106, 108, 109, 111], "summary": {"covered_lines": 26, "num_statements": 26, "percent_covered": 100.0, "percent_covered_display": "100", "missing_lines": 0, "excluded_lines": 0, "percent_statements_covered": 100.0, "percent_statements_covered_display": "100"}, "missing_lines": [], "excluded_lines": [], "functions": {"_clean_shape": {"executed_lines": [32, 33, 35, 36, 39], "summary": {"covered_lines": 5, "num_statements": 5, "percent_covered": 100.0, "percent_covered_display": "100", "missing_lines": 0, "excluded_lines": 0, "percent_statements_covered": 100.0, "percent_statements_covered_display": "100"}, "missing_lines": [], "excluded_lines": []}, "_build_node_ir": {"executed_lines": [57, 58, 61, 68, 70], "summary": {"covered_lines": 5, "num_statements": 5, "percent_covered": 100.0, "percent_covered_display": "100", "missing_lines": 0, "excluded_lines": 0, "percent_statements_covered": 100.0, "percent_statements_covered_display": "100"}, "missing_lines": [], "excluded_lines": []}, "build_model_ir": {"executed_lines": [98, 100, 101, 103, 106, 108, 109, 111], "summary": {"covered_lines": 8, "num_statements": 8, "percent_covered": 100.0, "percent_covered_display": "100", "missing_lines": 0, "excluded_lines": 0, "percent_statements_covered": 100.0, "percent_statements_covered_display": "100"}, "missing_lines": [], "excluded_lines": []}, "": {"executed_lines": [1, 7, 8, 10, 12, 20, 23, 42, 82], "summary": {"covered_lines": 8, "num_statements": 8, "percent_covered": 100.0, "percent_covered_display": "100", "missing_lines": 0, "excluded_lines": 0, "percent_statements_covered": 100.0, "percent_statements_covered_display": "100"}, "missing_lines": [], "excluded_lines": []}}, "classes": {"": {"executed_lines": [1, 7, 8, 10, 12, 20, 23, 32, 33, 35, 36, 39, 42, 57, 58, 61, 68, 70, 82, 98, 100, 101, 103, 106, 108, 109, 111], "summary": {"covered_lines": 26, "num_statements": 26, "percent_covered": 100.0, "percent_covered_display": "100", "missing_lines": 0, "excluded_lines": 0, "percent_statements_covered": 100.0, "percent_statements_covered_display": "100"}, "missing_lines": [], "excluded_lines": []}}}, "src/torchonnx/build/types.py": {"executed_lines": [1, 7, 8, 10, 11, 13, 16, 17, 18, 34, 35, 36, 37, 38, 39, 40, 41, 44, 45, 46, 59, 60, 61, 62, 63, 64], "summary": {"covered_lines": 23, "num_statements": 23, "percent_covered": 100.0, "percent_covered_display": "100", "missing_lines": 0, "excluded_lines": 0, "percent_statements_covered": 100.0, "percent_statements_covered_display": "100"}, "missing_lines": [], "excluded_lines": [], "functions": {"": {"executed_lines": [1, 7, 8, 10, 11, 13, 16, 17, 18, 34, 35, 36, 37, 38, 39, 40, 41, 44, 45, 46, 59, 60, 61, 62, 63, 64], "summary": {"covered_lines": 23, "num_statements": 23, "percent_covered": 100.0, "percent_covered_display": "100", "missing_lines": 0, "excluded_lines": 0, "percent_statements_covered": 100.0, "percent_statements_covered_display": "100"}, "missing_lines": [], "excluded_lines": []}}, "classes": {"NodeIR": {"executed_lines": [], "summary": {"covered_lines": 0, "num_statements": 0, "percent_covered": 100.0, "percent_covered_display": "100", "missing_lines": 0, "excluded_lines": 0, "percent_statements_covered": 100.0, "percent_statements_covered_display": "100"}, "missing_lines": [], "excluded_lines": []}, "ModelIR": {"executed_lines": [], "summary": {"covered_lines": 0, "num_statements": 0, "percent_covered": 100.0, "percent_covered_display": "100", "missing_lines": 0, "excluded_lines": 0, "percent_statements_covered": 100.0, "percent_statements_covered_display": "100"}, "missing_lines": [], "excluded_lines": []}, "": {"executed_lines": [1, 7, 8, 10, 11, 13, 16, 17, 18, 34, 35, 36, 37, 38, 39, 40, 41, 44, 45, 46, 59, 60, 61, 62, 63, 64], "summary": {"covered_lines": 23, "num_statements": 23, "percent_covered": 100.0, "percent_covered_display": "100", "missing_lines": 0, "excluded_lines": 0, "percent_statements_covered": 100.0, "percent_statements_covered_display": "100"}, "missing_lines": [], "excluded_lines": []}}}, "src/torchonnx/generate/__init__.py": {"executed_lines": [1, 6, 7, 9, 10], "summary": {"covered_lines": 4, "num_statements": 4, "percent_covered": 100.0, "percent_covered_display": "100", "missing_lines": 0, "excluded_lines": 0, "percent_statements_covered": 100.0, "percent_statements_covered_display": "100"}, "missing_lines": [], "excluded_lines": [], "functions": {"": {"executed_lines": [1, 6, 7, 9, 10], "summary": {"covered_lines": 4, "num_statements": 4, "percent_covered": 100.0, "percent_covered_display": "100", "missing_lines": 0, "excluded_lines": 0, "percent_statements_covered": 100.0, "percent_statements_covered_display": "100"}, "missing_lines": [], "excluded_lines": []}}, "classes": {"": {"executed_lines": [1, 6, 7, 9, 10], "summary": {"covered_lines": 4, "num_statements": 4, "percent_covered": 100.0, "percent_covered_display": "100", "missing_lines": 0, "excluded_lines": 0, "percent_statements_covered": 100.0, "percent_statements_covered_display": "100"}, "missing_lines": [], "excluded_lines": []}}}, "src/torchonnx/generate/_forward_gen.py": {"executed_lines": [1, 6, 7, 9, 10, 17, 21, 22, 24, 25, 26, 28, 29, 30, 32, 34, 37, 39, 41, 43, 47, 49, 53, 56, 58, 61, 67, 70, 76, 77, 78, 79, 82, 88, 89, 91, 95, 96, 101, 102, 104, 108, 109, 114, 117, 126, 129, 130, 133, 147, 150, 155, 156, 159, 162, 163, 164, 165, 166, 168, 172, 173, 174, 176, 179, 195, 198, 202, 205, 208, 211, 212, 214, 216, 224, 226, 229, 237, 239, 241], "summary": {"covered_lines": 78, "num_statements": 84, "percent_covered": 92.85714285714286, "percent_covered_display": "93", "missing_lines": 6, "excluded_lines": 0, "percent_statements_covered": 92.85714285714286, "percent_statements_covered_display": "93"}, "missing_lines": [45, 99, 112, 127, 199, 243], "excluded_lines": [], "functions": {"ForwardGenContext.__init__": {"executed_lines": [25, 26, 28, 29, 30, 32, 34, 37], "summary": {"covered_lines": 8, "num_statements": 8, "percent_covered": 100.0, "percent_covered_display": "100", "missing_lines": 0, "excluded_lines": 0, "percent_statements_covered": 100.0, "percent_statements_covered_display": "100"}, "missing_lines": [], "excluded_lines": []}, "ForwardGenContext.mark_constant_used": {"executed_lines": [41], "summary": {"covered_lines": 1, "num_statements": 1, "percent_covered": 100.0, "percent_covered_display": "100", "missing_lines": 0, "excluded_lines": 0, "percent_statements_covered": 100.0, "percent_statements_covered_display": "100"}, "missing_lines": [], "excluded_lines": []}, "ForwardGenContext.mark_parameter_used": {"executed_lines": [], "summary": {"covered_lines": 0, "num_statements": 1, "percent_covered": 0.0, "percent_covered_display": "0", "missing_lines": 1, "excluded_lines": 0, "percent_statements_covered": 0.0, "percent_statements_covered_display": "0"}, "missing_lines": [45], "excluded_lines": []}, "ForwardGenContext.get_slice_lengths": {"executed_lines": [49], "summary": {"covered_lines": 1, "num_statements": 1, "percent_covered": 100.0, "percent_covered_display": "100", "missing_lines": 0, "excluded_lines": 0, "percent_statements_covered": 100.0, "percent_statements_covered_display": "100"}, "missing_lines": [], "excluded_lines": []}, "get_forward_gen_context": {"executed_lines": [58], "summary": {"covered_lines": 1, "num_statements": 1, "percent_covered": 100.0, "percent_covered_display": "100", "missing_lines": 0, "excluded_lines": 0, "percent_statements_covered": 100.0, "percent_statements_covered_display": "100"}, "missing_lines": [], "excluded_lines": []}, "set_forward_gen_context": {"executed_lines": [67], "summary": {"covered_lines": 1, "num_statements": 1, "percent_covered": 100.0, "percent_covered_display": "100", "missing_lines": 0, "excluded_lines": 0, "percent_statements_covered": 100.0, "percent_statements_covered_display": "100"}, "missing_lines": [], "excluded_lines": []}, "_ensure_handlers_registered": {"executed_lines": [76, 77, 78, 79], "summary": {"covered_lines": 4, "num_statements": 4, "percent_covered": 100.0, "percent_covered_display": "100", "missing_lines": 0, "excluded_lines": 0, "percent_statements_covered": 100.0, "percent_statements_covered_display": "100"}, "missing_lines": [], "excluded_lines": []}, "_build_io_code_names": {"executed_lines": [88, 89, 91, 95, 96, 101, 102, 104, 108, 109, 114], "summary": {"covered_lines": 11, "num_statements": 13, "percent_covered": 84.61538461538461, "percent_covered_display": "85", "missing_lines": 2, "excluded_lines": 0, "percent_statements_covered": 84.61538461538461, "percent_statements_covered_display": "85"}, "missing_lines": [99, 112], "excluded_lines": []}, "_initialize_forward_context": {"executed_lines": [126, 129, 130], "summary": {"covered_lines": 3, "num_statements": 4, "percent_covered": 75.0, "percent_covered_display": "75", "missing_lines": 1, "excluded_lines": 0, "percent_statements_covered": 75.0, "percent_statements_covered_display": "75"}, "missing_lines": [127], "excluded_lines": []}, "_generate_forward_body": {"executed_lines": [147, 150, 155, 156, 159, 162, 163, 164, 165, 166, 168, 172, 173, 174, 176], "summary": {"covered_lines": 15, "num_statements": 15, "percent_covered": 100.0, "percent_covered_display": "100", "missing_lines": 0, "excluded_lines": 0, "percent_statements_covered": 100.0, "percent_statements_covered_display": "100"}, "missing_lines": [], "excluded_lines": []}, "generate_forward_method": {"executed_lines": [195, 198, 202, 205, 208, 211, 212, 214, 216, 224, 226], "summary": {"covered_lines": 11, "num_statements": 12, "percent_covered": 91.66666666666667, "percent_covered_display": "92", "missing_lines": 1, "excluded_lines": 0, "percent_statements_covered": 91.66666666666667, "percent_statements_covered_display": "92"}, "missing_lines": [199], "excluded_lines": []}, "_generate_layer_code": {"executed_lines": [237, 239, 241], "summary": {"covered_lines": 3, "num_statements": 4, "percent_covered": 75.0, "percent_covered_display": "75", "missing_lines": 1, "excluded_lines": 0, "percent_statements_covered": 75.0, "percent_statements_covered_display": "75"}, "missing_lines": [243], "excluded_lines": []}, "": {"executed_lines": [1, 6, 7, 9, 10, 17, 21, 22, 24, 39, 43, 47, 53, 56, 61, 70, 82, 117, 133, 179, 229], "summary": {"covered_lines": 19, "num_statements": 19, "percent_covered": 100.0, "percent_covered_display": "100", "missing_lines": 0, "excluded_lines": 0, "percent_statements_covered": 100.0, "percent_statements_covered_display": "100"}, "missing_lines": [], "excluded_lines": []}}, "classes": {"ForwardGenContext": {"executed_lines": [25, 26, 28, 29, 30, 32, 34, 37, 41, 49], "summary": {"covered_lines": 10, "num_statements": 11, "percent_covered": 90.9090909090909, "percent_covered_display": "91", "missing_lines": 1, "excluded_lines": 0, "percent_statements_covered": 90.9090909090909, "percent_statements_covered_display": "91"}, "missing_lines": [45], "excluded_lines": []}, "": {"executed_lines": [1, 6, 7, 9, 10, 17, 21, 22, 24, 39, 43, 47, 53, 56, 58, 61, 67, 70, 76, 77, 78, 79, 82, 88, 89, 91, 95, 96, 101, 102, 104, 108, 109, 114, 117, 126, 129, 130, 133, 147, 150, 155, 156, 159, 162, 163, 164, 165, 166, 168, 172, 173, 174, 176, 179, 195, 198, 202, 205, 208, 211, 212, 214, 216, 224, 226, 229, 237, 239, 241], "summary": {"covered_lines": 68, "num_statements": 73, "percent_covered": 93.15068493150685, "percent_covered_display": "93", "missing_lines": 5, "excluded_lines": 0, "percent_statements_covered": 93.15068493150685, "percent_statements_covered_display": "93"}, "missing_lines": [99, 112, 127, 199, 243], "excluded_lines": []}}}, "src/torchonnx/generate/_handlers/__init__.py": {"executed_lines": [1, 6, 7, 16, 17, 18, 19], "summary": {"covered_lines": 6, "num_statements": 6, "percent_covered": 100.0, "percent_covered_display": "100", "missing_lines": 0, "excluded_lines": 0, "percent_statements_covered": 100.0, "percent_statements_covered_display": "100"}, "missing_lines": [], "excluded_lines": [], "functions": {"": {"executed_lines": [1, 6, 7, 16, 17, 18, 19], "summary": {"covered_lines": 6, "num_statements": 6, "percent_covered": 100.0, "percent_covered_display": "100", "missing_lines": 0, "excluded_lines": 0, "percent_statements_covered": 100.0, "percent_statements_covered_display": "100"}, "missing_lines": [], "excluded_lines": []}}, "classes": {"": {"executed_lines": [1, 6, 7, 16, 17, 18, 19], "summary": {"covered_lines": 6, "num_statements": 6, "percent_covered": 100.0, "percent_covered_display": "100", "missing_lines": 0, "excluded_lines": 0, "percent_statements_covered": 100.0, "percent_statements_covered_display": "100"}, "missing_lines": [], "excluded_lines": []}}}, "src/torchonnx/generate/_handlers/_layers.py": {"executed_lines": [1, 7, 8, 10, 11, 14, 24, 27, 30, 33, 34, 40, 51, 53, 60, 61, 62, 65, 66, 73, 77, 80, 82, 84, 90, 96, 124, 125, 128], "summary": {"covered_lines": 28, "num_statements": 37, "percent_covered": 75.67567567567568, "percent_covered_display": "76", "missing_lines": 9, "excluded_lines": 0, "percent_statements_covered": 75.67567567567568, "percent_statements_covered_display": "76"}, "missing_lines": [36, 37, 55, 56, 57, 58, 75, 76, 79], "excluded_lines": [], "functions": {"_handle_generic_layer": {"executed_lines": [24, 27, 30, 33, 34], "summary": {"covered_lines": 5, "num_statements": 7, "percent_covered": 71.42857142857143, "percent_covered_display": "71", "missing_lines": 2, "excluded_lines": 0, "percent_statements_covered": 71.42857142857143, "percent_statements_covered_display": "71"}, "missing_lines": [36, 37], "excluded_lines": []}, "_handle_batchnorm2d": {"executed_lines": [51, 53, 60, 61, 62, 65, 66, 73, 77, 80, 82, 84], "summary": {"covered_lines": 12, "num_statements": 19, "percent_covered": 63.1578947368421, "percent_covered_display": "63", "missing_lines": 7, "excluded_lines": 0, "percent_statements_covered": 63.1578947368421, "percent_statements_covered_display": "63"}, "missing_lines": [55, 56, 57, 58, 75, 76, 79], "excluded_lines": []}, "register_layer_handlers": {"executed_lines": [96, 124, 125, 128], "summary": {"covered_lines": 4, "num_statements": 4, "percent_covered": 100.0, "percent_covered_display": "100", "missing_lines": 0, "excluded_lines": 0, "percent_statements_covered": 100.0, "percent_statements_covered_display": "100"}, "missing_lines": [], "excluded_lines": []}, "": {"executed_lines": [1, 7, 8, 10, 11, 14, 40, 90], "summary": {"covered_lines": 7, "num_statements": 7, "percent_covered": 100.0, "percent_covered_display": "100", "missing_lines": 0, "excluded_lines": 0, "percent_statements_covered": 100.0, "percent_statements_covered_display": "100"}, "missing_lines": [], "excluded_lines": []}}, "classes": {"": {"executed_lines": [1, 7, 8, 10, 11, 14, 24, 27, 30, 33, 34, 40, 51, 53, 60, 61, 62, 65, 66, 73, 77, 80, 82, 84, 90, 96, 124, 125, 128], "summary": {"covered_lines": 28, "num_statements": 37, "percent_covered": 75.67567567567568, "percent_covered_display": "76", "missing_lines": 9, "excluded_lines": 0, "percent_statements_covered": 75.67567567567568, "percent_statements_covered_display": "76"}, "missing_lines": [36, 37, 55, 56, 57, 58, 75, 76, 79], "excluded_lines": []}}}, "src/torchonnx/generate/_handlers/_operations.py": {"executed_lines": [1, 7, 8, 10, 11, 12, 15, 24, 26, 27, 29, 30, 31, 33, 34, 35, 39, 40, 43, 53, 55, 56, 60, 61, 62, 63, 64, 71, 74, 81, 82, 85, 86, 87, 88, 90, 93, 102, 105, 106, 108, 109, 110, 111, 112, 113, 114, 116, 119, 122, 137, 139, 142, 143, 146, 147, 148, 149, 153, 154, 157, 158, 173, 175, 176, 183, 191, 192, 195, 197, 198, 199, 201, 204, 210, 211, 214, 216, 217, 218, 219, 222, 232, 235, 238, 240, 241, 242, 257, 271, 273, 276, 277, 278, 282, 283, 284, 285, 286, 287, 289, 290, 291, 314, 321, 323, 324, 325, 328, 343, 344, 346, 349, 350, 351, 352, 353, 356, 357, 360, 361, 365, 366, 367, 369, 370, 371, 372, 375, 381, 382, 385, 386, 388, 389, 394, 395, 398, 406, 407, 409, 410, 411, 412, 415, 416, 419, 429, 432, 433, 444, 446, 449, 450, 453, 458, 459, 460, 462, 463, 464, 467, 468, 472, 473, 476, 486, 488, 492, 493, 496, 497, 500, 501, 503, 505, 507, 508, 510, 511, 514, 515, 518, 521, 528, 537, 540, 541, 542, 543, 545, 547, 548, 554, 555, 557, 559, 561, 564, 567, 569, 570, 572, 574, 575, 576, 579, 581, 582, 585, 595, 598, 599, 600, 602, 603, 605, 607, 608, 610, 613, 614, 615, 616, 619, 621, 622, 624, 625, 626, 628, 629, 635, 648, 649, 651, 652, 653, 654, 657, 658, 659, 661, 663, 666, 669, 670, 671, 672, 675, 694, 697, 698, 699, 702, 705, 706, 707, 711, 712, 714, 715, 716, 717, 718, 719, 721, 724, 727, 729, 730, 731, 734, 741, 742, 743, 744, 745, 747, 748, 749, 752, 764, 766, 769, 770, 771, 773, 774, 775, 776, 777, 778, 779, 782, 789, 790, 791, 792, 793, 794, 799, 804, 807, 808, 809, 810, 812, 820, 821, 822, 824, 825, 826, 827, 830, 831, 832, 833, 834, 837, 838, 840, 841, 844, 850, 851, 854, 857, 868, 869, 870, 871, 874, 882, 883, 885, 890, 900, 901, 902, 904, 905, 910, 911, 914, 916, 919, 954, 966, 968, 969, 970, 971, 972, 975, 986, 988, 992, 993, 994, 997, 998, 1001, 1002, 1005, 1014, 1017, 1028, 1031, 1032, 1035, 1036, 1037, 1038, 1040, 1047, 1048, 1049, 1050, 1051, 1053, 1054, 1055, 1059, 1072, 1074, 1075, 1078, 1079, 1080, 1083, 1085, 1086, 1089, 1093, 1102, 1103, 1106, 1107, 1110, 1113, 1114, 1117, 1118, 1122, 1123, 1124, 1126, 1127, 1130, 1143, 1144, 1146, 1150, 1151, 1152, 1155, 1156, 1157, 1158, 1159, 1162, 1163, 1165, 1166, 1167, 1170, 1176, 1177, 1178, 1179, 1180, 1181, 1182, 1185, 1195, 1196, 1197, 1198, 1199, 1202, 1203, 1204, 1205, 1206, 1215, 1224, 1225, 1227, 1231, 1234, 1236, 1239, 1247, 1248, 1249, 1252, 1258, 1259, 1261, 1265, 1268, 1269, 1272, 1277, 1279, 1282, 1285, 1286, 1287, 1288, 1289, 1290, 1291, 1292, 1293, 1294, 1295, 1296, 1297, 1300, 1301, 1302, 1303, 1304, 1305, 1306, 1307, 1308, 1309, 1310, 1311, 1314, 1315, 1316, 1317, 1318], "summary": {"covered_lines": 497, "num_statements": 595, "percent_covered": 83.52941176470588, "percent_covered_display": "84", "missing_lines": 98, "excluded_lines": 0, "percent_statements_covered": 83.52941176470588, "percent_statements_covered_display": "84"}, "missing_lines": [37, 58, 66, 67, 68, 69, 117, 140, 150, 159, 160, 162, 167, 168, 169, 170, 171, 179, 180, 243, 245, 246, 248, 249, 251, 252, 254, 293, 294, 295, 299, 308, 309, 311, 312, 313, 316, 317, 318, 347, 392, 413, 434, 436, 437, 438, 439, 441, 442, 469, 470, 489, 578, 630, 631, 632, 664, 695, 700, 703, 708, 722, 813, 816, 817, 907, 912, 933, 935, 936, 937, 940, 942, 943, 944, 945, 948, 949, 950, 951, 989, 1007, 1008, 1009, 1010, 1011, 1043, 1044, 1056, 1090, 1119, 1147, 1209, 1228, 1262, 1273, 1274, 1275], "excluded_lines": [], "functions": {"_get_input_code_names": {"executed_lines": [24, 26, 27, 29, 30, 31, 33, 34, 35, 39, 40], "summary": {"covered_lines": 11, "num_statements": 12, "percent_covered": 91.66666666666667, "percent_covered_display": "92", "missing_lines": 1, "excluded_lines": 0, "percent_statements_covered": 91.66666666666667, "percent_statements_covered_display": "92"}, "missing_lines": [37], "excluded_lines": []}, "_get_input_code_name_selective": {"executed_lines": [53, 55, 56, 60, 61, 62, 63, 64, 71], "summary": {"covered_lines": 9, "num_statements": 14, "percent_covered": 64.28571428571429, "percent_covered_display": "64", "missing_lines": 5, "excluded_lines": 0, "percent_statements_covered": 64.28571428571429, "percent_statements_covered_display": "64"}, "missing_lines": [58, 66, 67, 68, 69], "excluded_lines": []}, "_format_args_with_inputs": {"executed_lines": [81, 82, 85, 86, 87, 88, 90], "summary": {"covered_lines": 7, "num_statements": 7, "percent_covered": 100.0, "percent_covered_display": "100", "missing_lines": 0, "excluded_lines": 0, "percent_statements_covered": 100.0, "percent_statements_covered_display": "100"}, "missing_lines": [], "excluded_lines": []}, "_compute_inferred_dim": {"executed_lines": [102, 105, 106, 108, 109, 110, 111, 112, 113, 114, 116, 119], "summary": {"covered_lines": 12, "num_statements": 13, "percent_covered": 92.3076923076923, "percent_covered_display": "92", "missing_lines": 1, "excluded_lines": 0, "percent_statements_covered": 92.3076923076923, "percent_statements_covered_display": "92"}, "missing_lines": [117], "excluded_lines": []}, "_handle_reshape": {"executed_lines": [137, 139, 142, 143, 146, 147, 148, 149, 153, 154, 157, 158, 173, 175, 176], "summary": {"covered_lines": 15, "num_statements": 27, "percent_covered": 55.55555555555556, "percent_covered_display": "56", "missing_lines": 12, "excluded_lines": 0, "percent_statements_covered": 55.55555555555556, "percent_statements_covered_display": "56"}, "missing_lines": [140, 150, 159, 160, 162, 167, 168, 169, 170, 171, 179, 180], "excluded_lines": []}, "_handle_transpose": {"executed_lines": [191, 192, 195, 197, 198, 199, 201], "summary": {"covered_lines": 7, "num_statements": 7, "percent_covered": 100.0, "percent_covered_display": "100", "missing_lines": 0, "excluded_lines": 0, "percent_statements_covered": 100.0, "percent_statements_covered_display": "100"}, "missing_lines": [], "excluded_lines": []}, "_handle_squeeze": {"executed_lines": [210, 211, 214, 216, 217, 218, 219], "summary": {"covered_lines": 7, "num_statements": 7, "percent_covered": 100.0, "percent_covered_display": "100", "missing_lines": 0, "excluded_lines": 0, "percent_statements_covered": 100.0, "percent_statements_covered_display": "100"}, "missing_lines": [], "excluded_lines": []}, "_handle_unsqueeze": {"executed_lines": [232, 235, 238, 240, 241, 242], "summary": {"covered_lines": 6, "num_statements": 14, "percent_covered": 42.857142857142854, "percent_covered_display": "43", "missing_lines": 8, "excluded_lines": 0, "percent_statements_covered": 42.857142857142854, "percent_statements_covered_display": "43"}, "missing_lines": [243, 245, 246, 248, 249, 251, 252, 254], "excluded_lines": []}, "_handle_concat": {"executed_lines": [271, 273, 276, 277, 278, 282, 283, 284, 285, 286, 287, 289, 290, 291, 314, 321, 323, 324, 325], "summary": {"covered_lines": 19, "num_statements": 31, "percent_covered": 61.29032258064516, "percent_covered_display": "61", "missing_lines": 12, "excluded_lines": 0, "percent_statements_covered": 61.29032258064516, "percent_statements_covered_display": "61"}, "missing_lines": [293, 294, 295, 299, 308, 309, 311, 312, 313, 316, 317, 318], "excluded_lines": []}, "_handle_pad": {"executed_lines": [343, 344, 346, 349, 350, 351, 352, 353, 356, 357, 360, 361, 365, 366, 367, 369, 370, 371, 372, 375, 381, 382, 385, 386, 388, 389, 394, 395], "summary": {"covered_lines": 28, "num_statements": 30, "percent_covered": 93.33333333333333, "percent_covered_display": "93", "missing_lines": 2, "excluded_lines": 0, "percent_statements_covered": 93.33333333333333, "percent_statements_covered_display": "93"}, "missing_lines": [347, 392], "excluded_lines": []}, "_format_bound_arg": {"executed_lines": [406, 407, 409, 410, 411, 412, 415, 416], "summary": {"covered_lines": 8, "num_statements": 9, "percent_covered": 88.88888888888889, "percent_covered_display": "89", "missing_lines": 1, "excluded_lines": 0, "percent_statements_covered": 88.88888888888889, "percent_statements_covered_display": "89"}, "missing_lines": [413], "excluded_lines": []}, "_handle_clip": {"executed_lines": [429, 432, 433, 444, 446, 449, 450, 453, 458, 459, 460, 462, 463, 464, 467, 468, 472, 473], "summary": {"covered_lines": 18, "num_statements": 27, "percent_covered": 66.66666666666667, "percent_covered_display": "67", "missing_lines": 9, "excluded_lines": 0, "percent_statements_covered": 66.66666666666667, "percent_statements_covered_display": "67"}, "missing_lines": [434, 436, 437, 438, 439, 441, 442, 469, 470], "excluded_lines": []}, "_handle_gather": {"executed_lines": [486, 488, 492, 493, 496, 497, 500, 501, 503, 505, 507, 508, 510, 511, 514, 515, 518, 521], "summary": {"covered_lines": 18, "num_statements": 19, "percent_covered": 94.73684210526316, "percent_covered_display": "95", "missing_lines": 1, "excluded_lines": 0, "percent_statements_covered": 94.73684210526316, "percent_statements_covered_display": "95"}, "missing_lines": [489], "excluded_lines": []}, "_handle_constant_of_shape": {"executed_lines": [537, 540, 541, 542, 543, 545, 547, 548, 554, 555, 557, 559, 561, 564, 567, 569, 570, 572, 574, 575, 576, 579, 581, 582], "summary": {"covered_lines": 24, "num_statements": 25, "percent_covered": 96.0, "percent_covered_display": "96", "missing_lines": 1, "excluded_lines": 0, "percent_statements_covered": 96.0, "percent_statements_covered_display": "96"}, "missing_lines": [578], "excluded_lines": []}, "_handle_arange": {"executed_lines": [595, 598, 599, 600, 602, 603, 605, 607, 608, 610, 613, 614, 615, 616, 619, 621, 622, 624, 625, 626, 628, 629], "summary": {"covered_lines": 22, "num_statements": 25, "percent_covered": 88.0, "percent_covered_display": "88", "missing_lines": 3, "excluded_lines": 0, "percent_statements_covered": 88.0, "percent_statements_covered_display": "88"}, "missing_lines": [630, 631, 632], "excluded_lines": []}, "_generate_literal_slice": {"executed_lines": [648, 649, 651, 652, 653, 654, 657, 658, 659, 661, 663, 666, 669, 670, 671, 672], "summary": {"covered_lines": 16, "num_statements": 17, "percent_covered": 94.11764705882354, "percent_covered_display": "94", "missing_lines": 1, "excluded_lines": 0, "percent_statements_covered": 94.11764705882354, "percent_statements_covered_display": "94"}, "missing_lines": [664], "excluded_lines": []}, "_try_narrow_slice": {"executed_lines": [694, 697, 698, 699, 702, 705, 706, 707, 711, 712, 714, 715, 716, 717, 718, 719, 721, 724], "summary": {"covered_lines": 18, "num_statements": 23, "percent_covered": 78.26086956521739, "percent_covered_display": "78", "missing_lines": 5, "excluded_lines": 0, "percent_statements_covered": 78.26086956521739, "percent_statements_covered_display": "78"}, "missing_lines": [695, 700, 703, 708, 722], "excluded_lines": []}, "_normalize_int64_max": {"executed_lines": [729, 730, 731], "summary": {"covered_lines": 3, "num_statements": 3, "percent_covered": 100.0, "percent_covered_display": "100", "missing_lines": 0, "excluded_lines": 0, "percent_statements_covered": 100.0, "percent_statements_covered_display": "100"}, "missing_lines": [], "excluded_lines": []}, "_encode_slice_input": {"executed_lines": [741, 742, 743, 744, 745, 747, 748, 749], "summary": {"covered_lines": 8, "num_statements": 8, "percent_covered": 100.0, "percent_covered_display": "100", "missing_lines": 0, "excluded_lines": 0, "percent_statements_covered": 100.0, "percent_statements_covered_display": "100"}, "missing_lines": [], "excluded_lines": []}, "_handle_slice": {"executed_lines": [764, 766, 769, 770, 771, 773, 774, 775, 776, 777, 778, 779, 782, 789, 790, 791, 792, 793, 794, 799, 804, 807, 808, 809, 810, 812, 820, 821, 822, 824, 825, 826, 827, 830, 831, 832, 833, 834, 837, 838, 840, 841], "summary": {"covered_lines": 42, "num_statements": 45, "percent_covered": 93.33333333333333, "percent_covered_display": "93", "missing_lines": 3, "excluded_lines": 0, "percent_statements_covered": 93.33333333333333, "percent_statements_covered_display": "93"}, "missing_lines": [813, 816, 817], "excluded_lines": []}, "_handle_cast": {"executed_lines": [850, 851, 854, 857, 868, 869, 870, 871], "summary": {"covered_lines": 8, "num_statements": 8, "percent_covered": 100.0, "percent_covered_display": "100", "missing_lines": 0, "excluded_lines": 0, "percent_statements_covered": 100.0, "percent_statements_covered_display": "100"}, "missing_lines": [], "excluded_lines": []}, "_handle_shape": {"executed_lines": [882, 883, 885], "summary": {"covered_lines": 3, "num_statements": 3, "percent_covered": 100.0, "percent_covered_display": "100", "missing_lines": 0, "excluded_lines": 0, "percent_statements_covered": 100.0, "percent_statements_covered_display": "100"}, "missing_lines": [], "excluded_lines": []}, "_convert_expand_semantics": {"executed_lines": [900, 901, 902, 904, 905, 910, 911, 914, 916], "summary": {"covered_lines": 9, "num_statements": 11, "percent_covered": 81.81818181818181, "percent_covered_display": "82", "missing_lines": 2, "excluded_lines": 0, "percent_statements_covered": 81.81818181818181, "percent_statements_covered_display": "82"}, "missing_lines": [907, 912], "excluded_lines": []}, "_handle_expand_constant_shape": {"executed_lines": [], "summary": {"covered_lines": 0, "num_statements": 13, "percent_covered": 0.0, "percent_covered_display": "0", "missing_lines": 13, "excluded_lines": 0, "percent_statements_covered": 0.0, "percent_statements_covered_display": "0"}, "missing_lines": [933, 935, 936, 937, 940, 942, 943, 944, 945, 948, 949, 950, 951], "excluded_lines": []}, "_handle_expand_runtime_shape": {"executed_lines": [966, 968, 969, 970, 971, 972], "summary": {"covered_lines": 6, "num_statements": 6, "percent_covered": 100.0, "percent_covered_display": "100", "missing_lines": 0, "excluded_lines": 0, "percent_statements_covered": 100.0, "percent_statements_covered_display": "100"}, "missing_lines": [], "excluded_lines": []}, "_handle_expand": {"executed_lines": [986, 988, 992, 993, 994, 997, 998, 1001, 1002, 1005, 1014], "summary": {"
[...]
display": "100", "missing_lines": 0, "excluded_lines": 0, "percent_statements_covered": 100.0, "percent_statements_covered_display": "100"}, "missing_lines": [], "excluded_lines": []}, "get_onnx_model_shapes._get_shape_from_type": {"executed_lines": [94, 95, 96, 97, 98, 99, 102, 104, 107, 108], "summary": {"covered_lines": 10, "num_statements": 12, "percent_covered": 83.33333333333333, "percent_covered_display": "83", "missing_lines": 2, "excluded_lines": 0, "percent_statements_covered": 83.33333333333333, "percent_statements_covered_display": "83"}, "missing_lines": [100, 105], "excluded_lines": []}, "extract_onnx_opset_version": {"executed_lines": [134, 137, 138, 139], "summary": {"covered_lines": 4, "num_statements": 6, "percent_covered": 66.66666666666667, "percent_covered_display": "67", "missing_lines": 2, "excluded_lines": 0, "percent_statements_covered": 66.66666666666667, "percent_statements_covered_display": "67"}, "missing_lines": [135, 141], "excluded_lines": []}, "": {"executed_lines": [1, 3, 4, 16, 19, 31, 40, 50, 59, 68, 77, 86, 128], "summary": {"covered_lines": 12, "num_statements": 12, "percent_covered": 100.0, "percent_covered_display": "100", "missing_lines": 0, "excluded_lines": 0, "percent_statements_covered": 100.0, "percent_statements_covered_display": "100"}, "missing_lines": [], "excluded_lines": []}}, "classes": {"": {"executed_lines": [1, 3, 4, 16, 19, 25, 27, 28, 31, 40, 46, 47, 50, 56, 59, 65, 68, 74, 77, 86, 90, 92, 94, 95, 96, 97, 98, 99, 102, 104, 107, 108, 110, 111, 115, 116, 120, 121, 125, 128, 134, 137, 138, 139], "summary": {"covered_lines": 43, "num_statements": 49, "percent_covered": 87.75510204081633, "percent_covered_display": "88", "missing_lines": 6, "excluded_lines": 0, "percent_statements_covered": 87.75510204081633, "percent_statements_covered_display": "88"}, "missing_lines": [37, 83, 100, 105, 135, 141], "excluded_lines": []}}}, "src/torchonnx/optimize/__init__.py": {"executed_lines": [1, 6, 7, 9], "summary": {"covered_lines": 3, "num_statements": 3, "percent_covered": 100.0, "percent_covered_display": "100", "missing_lines": 0, "excluded_lines": 0, "percent_statements_covered": 100.0, "percent_statements_covered_display": "100"}, "missing_lines": [], "excluded_lines": [], "functions": {"": {"executed_lines": [1, 6, 7, 9], "summary": {"covered_lines": 3, "num_statements": 3, "percent_covered": 100.0, "percent_covered_display": "100", "missing_lines": 0, "excluded_lines": 0, "percent_statements_covered": 100.0, "percent_statements_covered_display": "100"}, "missing_lines": [], "excluded_lines": []}}, "classes": {"": {"executed_lines": [1, 6, 7, 9], "summary": {"covered_lines": 3, "num_statements": 3, "percent_covered": 100.0, "percent_covered_display": "100", "missing_lines": 0, "excluded_lines": 0, "percent_statements_covered": 100.0, "percent_statements_covered_display": "100"}, "missing_lines": [], "excluded_lines": []}}}, "src/torchonnx/optimize/optimizer.py": {"executed_lines": [1, 7, 8, 10, 13, 30], "summary": {"covered_lines": 5, "num_statements": 5, "percent_covered": 100.0, "percent_covered_display": "100", "missing_lines": 0, "excluded_lines": 0, "percent_statements_covered": 100.0, "percent_statements_covered_display": "100"}, "missing_lines": [], "excluded_lines": [], "functions": {"optimize_semantic_ir": {"executed_lines": [30], "summary": {"covered_lines": 1, "num_statements": 1, "percent_covered": 100.0, "percent_covered_display": "100", "missing_lines": 0, "excluded_lines": 0, "percent_statements_covered": 100.0, "percent_statements_covered_display": "100"}, "missing_lines": [], "excluded_lines": []}, "": {"executed_lines": [1, 7, 8, 10, 13], "summary": {"covered_lines": 4, "num_statements": 4, "percent_covered": 100.0, "percent_covered_display": "100", "missing_lines": 0, "excluded_lines": 0, "percent_statements_covered": 100.0, "percent_statements_covered_display": "100"}, "missing_lines": [], "excluded_lines": []}}, "classes": {"": {"executed_lines": [1, 7, 8, 10, 13, 30], "summary": {"covered_lines": 5, "num_statements": 5, "percent_covered": 100.0, "percent_covered_display": "100", "missing_lines": 0, "excluded_lines": 0, "percent_statements_covered": 100.0, "percent_statements_covered_display": "100"}, "missing_lines": [], "excluded_lines": []}}}, "src/torchonnx/simplify/__init__.py": {"executed_lines": [1, 11, 12, 14, 15, 16], "summary": {"covered_lines": 5, "num_statements": 5, "percent_covered": 100.0, "percent_covered_display": "100", "missing_lines": 0, "excluded_lines": 0, "percent_statements_covered": 100.0, "percent_statements_covered_display": "100"}, "missing_lines": [], "excluded_lines": [], "functions": {"": {"executed_lines": [1, 11, 12, 14, 15, 16], "summary": {"covered_lines": 5, "num_statements": 5, "percent_covered": 100.0, "percent_covered_display": "100", "missing_lines": 0, "excluded_lines": 0, "percent_statements_covered": 100.0, "percent_statements_covered_display": "100"}, "missing_lines": [], "excluded_lines": []}}, "classes": {"": {"executed_lines": [1, 11, 12, 14, 15, 16], "summary": {"covered_lines": 5, "num_statements": 5, "percent_covered": 100.0, "percent_covered_display": "100", "missing_lines": 0, "excluded_lines": 0, "percent_statements_covered": 100.0, "percent_statements_covered_display": "100"}, "missing_lines": [], "excluded_lines": []}}}, "src/torchonnx/simplify/_decorations.py": {"executed_lines": [1, 3, 4, 6, 9, 21, 23, 34], "summary": {"covered_lines": 7, "num_statements": 7, "percent_covered": 100.0, "percent_covered_display": "100", "missing_lines": 0, "excluded_lines": 0, "percent_statements_covered": 100.0, "percent_statements_covered_display": "100"}, "missing_lines": [], "excluded_lines": [], "functions": {"add_file_header": {"executed_lines": [21, 23, 34], "summary": {"covered_lines": 3, "num_statements": 3, "percent_covered": 100.0, "percent_covered_display": "100", "missing_lines": 0, "excluded_lines": 0, "percent_statements_covered": 100.0, "percent_statements_covered_display": "100"}, "missing_lines": [], "excluded_lines": []}, "": {"executed_lines": [1, 3, 4, 6, 9], "summary": {"covered_lines": 4, "num_statements": 4, "percent_covered": 100.0, "percent_covered_display": "100", "missing_lines": 0, "excluded_lines": 0, "percent_statements_covered": 100.0, "percent_statements_covered_display": "100"}, "missing_lines": [], "excluded_lines": []}}, "classes": {"": {"executed_lines": [1, 3, 4, 6, 9, 21, 23, 34], "summary": {"covered_lines": 7, "num_statements": 7, "percent_covered": 100.0, "percent_covered_display": "100", "missing_lines": 0, "excluded_lines": 0, "percent_statements_covered": 100.0, "percent_statements_covered_display": "100"}, "missing_lines": [], "excluded_lines": []}}}, "src/torchonnx/simplify/_formatter.py": {"executed_lines": [1, 3, 4, 6, 8, 11, 24, 27, 28, 30, 31, 32, 33, 35, 37, 40, 51, 52, 53, 57, 59, 60, 61, 62, 63, 66, 68, 70, 72, 73, 74, 75, 76, 77, 79, 88, 89, 90, 96, 143, 149, 150, 151, 153, 154, 157, 160, 161, 162, 164, 166, 167, 169, 172, 181, 182, 183, 185, 187, 188, 191, 192, 195, 196, 197, 198, 201, 202, 204, 205, 206, 207, 210, 213, 214, 215, 216, 217, 220, 223, 224, 226, 229, 237, 238, 241, 242, 243, 244, 246, 249, 251, 252, 254, 255], "summary": {"covered_lines": 94, "num_statements": 121, "percent_covered": 77.68595041322314, "percent_covered_display": "78", "missing_lines": 27, "excluded_lines": 0, "percent_statements_covered": 77.68595041322314, "percent_statements_covered_display": "78"}, "missing_lines": [81, 82, 83, 84, 86, 93, 107, 111, 112, 113, 114, 115, 116, 117, 126, 127, 128, 129, 130, 131, 132, 140, 155, 156, 158, 159, 221], "excluded_lines": [], "functions": {"format_code": {"executed_lines": [24, 27, 28, 30, 31, 32, 33, 35, 37], "summary": {"covered_lines": 9, "num_statements": 9, "percent_covered": 100.0, "percent_covered_display": "100", "missing_lines": 0, "excluded_lines": 0, "percent_statements_covered": 100.0, "percent_statements_covered_display": "100"}, "missing_lines": [], "excluded_lines": []}, "_wrap_long_line": {"executed_lines": [51, 52, 53, 57, 59, 60, 61, 62, 63, 66, 68, 70, 72, 73, 74, 75, 76, 77, 79, 88, 89, 90], "summary": {"covered_lines": 22, "num_statements": 28, "percent_covered": 78.57142857142857, "percent_covered_display": "79", "missing_lines": 6, "excluded_lines": 0, "percent_statements_covered": 78.57142857142857, "percent_statements_covered_display": "79"}, "missing_lines": [81, 82, 83, 84, 86, 93], "excluded_lines": []}, "_wrap_long_argument": {"executed_lines": [], "summary": {"covered_lines": 0, "num_statements": 16, "percent_covered": 0.0, "percent_covered_display": "0", "missing_lines": 16, "excluded_lines": 0, "percent_statements_covered": 0.0, "percent_statements_covered_display": "0"}, "missing_lines": [107, 111, 112, 113, 114, 115, 116, 117, 126, 127, 128, 129, 130, 131, 132, 140], "excluded_lines": []}, "_split_args": {"executed_lines": [149, 150, 151, 153, 154, 157, 160, 161, 162, 164, 166, 167, 169], "summary": {"covered_lines": 13, "num_statements": 17, "percent_covered": 76.47058823529412, "percent_covered_display": "76", "missing_lines": 4, "excluded_lines": 0, "percent_statements_covered": 76.47058823529412, "percent_statements_covered_display": "76"}, "missing_lines": [155, 156, 158, 159], "excluded_lines": []}, "_normalize_blank_lines": {"executed_lines": [181, 182, 183, 185, 187, 188, 191, 192, 195, 196, 197, 198, 201, 202, 204, 205, 206, 207, 210, 213, 214, 215, 216, 217, 220, 223, 224, 226], "summary": {"covered_lines": 28, "num_statements": 29, "percent_covered": 96.55172413793103, "percent_covered_display": "97", "missing_lines": 1, "excluded_lines": 0, "percent_statements_covered": 96.55172413793103, "percent_statements_covered_display": "97"}, "missing_lines": [221], "excluded_lines": []}, "_ensure_blank_lines_before": {"executed_lines": [237, 238, 241, 242, 243, 244, 246, 249, 251, 252, 254, 255], "summary": {"covered_lines": 12, "num_statements": 12, "percent_covered": 100.0, "percent_covered_display": "100", "missing_lines": 0, "excluded_lines": 0, "percent_statements_covered": 100.0, "percent_statements_covered_display": "100"}, "missing_lines": [], "excluded_lines": []}, "": {"executed_lines": [1, 3, 4, 6, 8, 11, 40, 96, 143, 172, 229], "summary": {"covered_lines": 10, "num_statements": 10, "percent_covered": 100.0, "percent_covered_display": "100", "missing_lines": 0, "excluded_lines": 0, "percent_statements_covered": 100.0, "percent_statements_covered_display": "100"}, "missing_lines": [], "excluded_lines": []}}, "classes": {"": {"executed_lines": [1, 3, 4, 6, 8, 11, 24, 27, 28, 30, 31, 32, 33, 35, 37, 40, 51, 52, 53, 57, 59, 60, 61, 62, 63, 66, 68, 70, 72, 73, 74, 75, 76, 77, 79, 88, 89, 90, 96, 143, 149, 150, 151, 153, 154, 157, 160, 161, 162, 164, 166, 167, 169, 172, 181, 182, 183, 185, 187, 188, 191, 192, 195, 196, 197, 198, 201, 202, 204, 205, 206, 207, 210, 213, 214, 215, 216, 217, 220, 223, 224, 226, 229, 237, 238, 241, 242, 243, 244, 246, 249, 251, 252, 254, 255], "summary": {"covered_lines": 94, "num_statements": 121, "percent_covered": 77.68595041322314, "percent_covered_display": "78", "missing_lines": 27, "excluded_lines": 0, "percent_statements_covered": 77.68595041322314, "percent_statements_covered_display": "78"}, "missing_lines": [81, 82, 83, 84, 86, 93, 107, 111, 112, 113, 114, 115, 116, 117, 126, 127, 128, 129, 130, 131, 132, 140, 155, 156, 158, 159, 221], "excluded_lines": []}}}, "src/torchonnx/simplify/_line_optimizer.py": {"executed_lines": [1, 6, 7, 9, 11, 18, 24, 27, 28, 29, 31, 32, 33, 34, 35, 36, 37, 38, 39, 41, 42, 44, 47, 48, 49, 51, 54, 64, 65, 66, 68, 69, 70, 73, 76, 77, 80, 81, 84, 90, 91, 93, 94, 95, 97, 98, 101, 104, 105, 106, 108, 110, 111, 113, 116, 123, 126, 127, 129, 130, 131, 132, 133, 135, 137, 139, 143, 146, 153, 156, 157, 159, 160, 161, 162, 163, 165, 167, 169, 171, 174, 185, 186, 187, 204], "summary": {"covered_lines": 84, "num_statements": 113, "percent_covered": 74.33628318584071, "percent_covered_display": "74", "missing_lines": 29, "excluded_lines": 0, "percent_statements_covered": 74.33628318584071, "percent_statements_covered_display": "74"}, "missing_lines": [30, 40, 99, 100, 102, 103, 124, 141, 154, 189, 190, 191, 194, 197, 200, 201, 211, 212, 214, 215, 217, 218, 219, 220, 221, 223, 225, 227, 229], "excluded_lines": [], "functions": {"optimize_line": {"executed_lines": [24, 27, 28, 29, 31, 32, 33, 34, 35, 36, 37, 38, 39, 41, 42, 44, 47, 48, 49, 51], "summary": {"covered_lines": 20, "num_statements": 22, "percent_covered": 90.9090909090909, "percent_covered_display": "91", "missing_lines": 2, "excluded_lines": 0, "percent_statements_covered": 90.9090909090909, "percent_statements_covered_display": "91"}, "missing_lines": [30, 40], "excluded_lines": []}, "_optimize_layer_instantiation": {"executed_lines": [64, 65, 66, 68, 69, 70, 73, 76, 77, 80, 81], "summary": {"covered_lines": 11, "num_statements": 11, "percent_covered": 100.0, "percent_covered_display": "100", "missing_lines": 0, "excluded_lines": 0, "percent_statements_covered": 100.0, "percent_statements_covered_display": "100"}, "missing_lines": [], "excluded_lines": []}, "_parse_args": {"executed_lines": [90, 91, 93, 94, 95, 97, 98, 101, 104, 105, 106, 108, 110, 111, 113], "summary": {"covered_lines": 15, "num_statements": 19, "percent_covered": 78.94736842105263, "percent_covered_display": "79", "missing_lines": 4, "excluded_lines": 0, "percent_statements_covered": 78.94736842105263, "percent_statements_covered_display": "79"}, "missing_lines": [99, 100, 102, 103], "excluded_lines": []}, "_convert_to_positional": {"executed_lines": [123, 126, 127, 129, 130, 131, 132, 133, 135, 137, 139, 143], "summary": {"covered_lines": 12, "num_statements": 14, "percent_covered": 85.71428571428571, "percent_covered_display": "86", "missing_lines": 2, "excluded_lines": 0, "percent_statements_covered": 85.71428571428571, "percent_statements_covered_display": "86"}, "missing_lines": [124, 141], "excluded_lines": []}, "_remove_defaults": {"executed_lines": [153, 156, 157, 159, 160, 161, 162, 163, 165, 167, 169, 171], "summary": {"covered_lines": 12, "num_statements": 13, "percent_covered": 92.3076923076923, "percent_covered_display": "92", "missing_lines": 1, "excluded_lines": 0, "percent_statements_covered": 92.3076923076923, "percent_statements_covered_display": "92"}, "missing_lines": [154], "excluded_lines": []}, "_optimize_function_call": {"executed_lines": [185, 186, 187], "summary": {"covered_lines": 3, "num_statements": 10, "percent_covered": 30.0, "percent_covered_display": "30", "missing_lines": 7, "excluded_lines": 0, "percent_statements_covered": 30.0, "percent_statements_covered_display": "30"}, "missing_lines": [189, 190, 191, 194, 197, 200, 201], "excluded_lines": []}, "_remove_function_defaults": {"executed_lines": [], "summary": {"covered_lines": 0, "num_statements": 13, "percent_covered": 0.0, "percent_covered_display": "0", "missing_lines": 13, "excluded_lines": 0, "percent_statements_covered": 0.0, "percent_statements_covered_display": "0"}, "missing_lines": [211, 212, 214, 215, 217, 218, 219, 220, 221, 223, 225, 227, 229], "excluded_lines": []}, "": {"executed_lines": [1, 6, 7, 9, 11, 18, 54, 84, 116, 146, 174, 204], "summary": {"covered_lines": 11, "num_statements": 11, "percent_covered": 100.0, "percent_covered_display": "100", "missing_lines": 0, "excluded_lines": 0, "percent_statements_covered": 100.0, "percent_statements_covered_display": "100"}, "missing_lines": [], "excluded_lines": []}}, "classes": {"": {"executed_lines": [1, 6, 7, 9, 11, 18, 24, 27, 28, 29, 31, 32, 33, 34, 35, 36, 37, 38, 39, 41, 42, 44, 47, 48, 49, 51, 54, 64, 65, 66, 68, 69, 70, 73, 76, 77, 80, 81, 84, 90, 91, 93, 94, 95, 97, 98, 101, 104, 105, 106, 108, 110, 111, 113, 116, 123, 126, 127, 129, 130, 131, 132, 133, 135, 137, 139, 143, 146, 153, 156, 157, 159, 160, 161, 162, 163, 165, 167, 169, 171, 174, 185, 186, 187, 204], "summary": {"covered_lines": 84, "num_statements": 113, "percent_covered": 74.33628318584071, "percent_covered_display": "74", "missing_lines": 29, "excluded_lines": 0, "percent_statements_covered": 74.33628318584071, "percent_statements_covered_display": "74"}, "missing_lines": [30, 40, 99, 100, 102, 103, 124, 141, 154, 189, 190, 191, 194, 197, 200, 201, 211, 212, 214, 215, 217, 218, 219, 220, 221, 223, 225, 227, 229], "excluded_lines": []}}}, "src/torchonnx/simplify/_optimizer.py": {"executed_lines": [1, 6, 7, 9, 11, 13, 16, 31, 32, 35, 36, 38, 39, 40, 42, 45, 48, 49, 50, 52, 55, 64, 67, 68, 69, 70, 71, 72, 77, 79, 81, 82, 84, 87, 88, 91, 92, 94, 96, 98, 99, 100, 101, 103, 104, 106, 108], "summary": {"covered_lines": 46, "num_statements": 48, "percent_covered": 95.83333333333333, "percent_covered_display": "96", "missing_lines": 2, "excluded_lines": 0, "percent_statements_covered": 95.83333333333333, "percent_statements_covered_display": "96"}, "missing_lines": [74, 75], "excluded_lines": [], "functions": {"optimize_generated_code": {"executed_lines": [31, 32, 35, 36, 38, 39, 40, 42, 45, 48, 49, 50, 52], "summary": {"covered_lines": 13, "num_statements": 13, "percent_covered": 100.0, "percent_covered_display": "100", "missing_lines": 0, "excluded_lines": 0, "percent_statements_covered": 100.0, "percent_statements_covered_display": "100"}, "missing_lines": [], "excluded_lines": []}, "_remove_unused_buffers": {"executed_lines": [64, 67, 68, 69, 70, 71, 72, 77, 79, 81, 82, 84, 87, 88, 91, 92, 94, 96, 98, 99, 100, 101, 103, 104, 106, 108], "summary": {"covered_lines": 26, "num_statements": 28, "percent_covered": 92.85714285714286, "percent_covered_display": "93", "missing_lines": 2, "excluded_lines": 0, "percent_statements_covered": 92.85714285714286, "percent_statements_covered_display": "93"}, "missing_lines": [74, 75], "excluded_lines": []}, "": {"executed_lines": [1, 6, 7, 9, 11, 13, 16, 55], "summary": {"covered_lines": 7, "num_statements": 7, "percent_covered": 100.0, "percent_covered_display": "100", "missing_lines": 0, "excluded_lines": 0, "percent_statements_covered": 100.0, "percent_statements_covered_display": "100"}, "missing_lines": [], "excluded_lines": []}}, "classes": {"": {"executed_lines": [1, 6, 7, 9, 11, 13, 16, 31, 32, 35, 36, 38, 39, 40, 42, 45, 48, 49, 50, 52, 55, 64, 67, 68, 69, 70, 71, 72, 77, 79, 81, 82, 84, 87, 88, 91, 92, 94, 96, 98, 99, 100, 101, 103, 104, 106, 108], "summary": {"covered_lines": 46, "num_statements": 48, "percent_covered": 95.83333333333333, "percent_covered_display": "96", "missing_lines": 2, "excluded_lines": 0, "percent_statements_covered": 95.83333333333333, "percent_statements_covered_display": "96"}, "missing_lines": [74, 75], "excluded_lines": []}}}, "src/torchonnx/simplify/_rules.py": {"executed_lines": [1, 6, 7, 15, 77, 178], "summary": {"covered_lines": 5, "num_statements": 5, "percent_covered": 100.0, "percent_covered_display": "100", "missing_lines": 0, "excluded_lines": 0, "percent_statements_covered": 100.0, "percent_statements_covered_display": "100"}, "missing_lines": [], "excluded_lines": [], "functions": {"": {"executed_lines": [1, 6, 7, 15, 77, 178], "summary": {"covered_lines": 5, "num_statements": 5, "percent_covered": 100.0, "percent_covered_display": "100", "missing_lines": 0, "excluded_lines": 0, "percent_statements_covered": 100.0, "percent_statements_covered_display": "100"}, "missing_lines": [], "excluded_lines": []}}, "classes": {"": {"executed_lines": [1, 6, 7, 15, 77, 178], "summary": {"covered_lines": 5, "num_statements": 5, "percent_covered": 100.0, "percent_covered_display": "100", "missing_lines": 0, "excluded_lines": 0, "percent_statements_covered": 100.0, "percent_statements_covered_display": "100"}, "missing_lines": [], "excluded_lines": []}}}}, "totals": {"covered_lines": 2076, "num_statements": 2545, "percent_covered": 81.57170923379175, "percent_covered_display": "82", "missing_lines": 469, "excluded_lines": 0, "percent_statements_covered": 81.57170923379175, "percent_statements_covered_display": "82"}}
